  [1m[36mActiveRecord::SchemaMigration Load (7.0ms)[0m  [1m[34mSELECT "schema_migrations".* FROM "schema_migrations"[0m
  [1m[35m (16.1ms)[0m  [1m[34mSELECT "ar_internal_metadata"."value" FROM "ar_internal_metadata" WHERE "ar_internal_metadata"."key" = $1[0m  [["key", :environment]]
  [1m[36mActiveRecord::SchemaMigration Load (0.4ms)[0m  [1m[34mSELECT "schema_migrations".* FROM "schema_migrations"[0m
  [1m[35m (0.3ms)[0m  [1m[34mSELECT "ar_internal_metadata"."value" FROM "ar_internal_metadata" WHERE "ar_internal_metadata"."key" = $1[0m  [["key", :environment]]
  [1m[36mActiveRecord::SchemaMigration Load (0.4ms)[0m  [1m[34mSELECT "schema_migrations".* FROM "schema_migrations"[0m
  [1m[35m (1.2ms)[0m  [1m[34mSELECT "ar_internal_metadata"."value" FROM "ar_internal_metadata" WHERE "ar_internal_metadata"."key" = $1[0m  [["key", :environment]]
  [1m[35m (270.6ms)[0m  [1m[35mDROP DATABASE IF EXISTS "gopher-2_development"[0m
  [1m[35m (288.8ms)[0m  [1m[35mDROP DATABASE IF EXISTS "gopher-2_test"[0m
  [1m[35m (77.0ms)[0m  [1m[35mCREATE TABLE "schema_migrations" ("version" character varying PRIMARY KEY)[0m
  [1m[35m (25.0ms)[0m  [1m[35mCREATE TABLE "ar_internal_metadata" ("key" character varying PRIMARY KEY, "value" character varying, "created_at" timestamp NOT NULL, "updated_at" timestamp NOT NULL)[0m
  [1m[35m (0.4ms)[0m  [1m[34mSELECT pg_try_advisory_lock(5541889914336099765);[0m
  [1m[36mActiveRecord::SchemaMigration Load (1.2ms)[0m  [1m[34mSELECT "schema_migrations".* FROM "schema_migrations"[0m
Migrating to CreateProjects (20170502143817)
  [1m[35m (0.2ms)[0m  [1m[35mBEGIN[0m
  [1m[35m (36.3ms)[0m  [1m[35mCREATE TABLE "projects" ("id" serial primary key, "title" character varying NOT NULL, "description" text NOT NULL, "owner_id" integer, "created_at" timestamp NOT NULL, "updated_at" timestamp NOT NULL)[0m
  [1m[35mSQL (5.9ms)[0m  [1m[32mINSERT INTO "schema_migrations" ("version") VALUES ($1) RETURNING "version"[0m  [["version", "20170502143817"]]
  [1m[35m (1.4ms)[0m  [1m[35mCOMMIT[0m
Migrating to AddDeviseToUsers (20170502152351)
  [1m[35m (6.2ms)[0m  [1m[35mBEGIN[0m
  [1m[35m (45.8ms)[0m  [1m[35mCREATE TABLE "users" ("id" serial primary key, "first_name" character varying NOT NULL, "last_name" character varying NOT NULL, "username" character varying NOT NULL, "email" character varying DEFAULT '' NOT NULL, "encrypted_password" character varying DEFAULT '' NOT NULL, "reset_password_token" character varying, "reset_password_sent_at" timestamp, "remember_created_at" timestamp, "sign_in_count" integer DEFAULT 0 NOT NULL, "current_sign_in_at" timestamp, "last_sign_in_at" timestamp, "current_sign_in_ip" inet, "last_sign_in_ip" inet)[0m
  [1m[35m (17.6ms)[0m  [1m[35mCREATE UNIQUE INDEX  "index_users_on_email" ON "users"  ("email")[0m
  [1m[35m (1.2ms)[0m  [1m[35mCREATE UNIQUE INDEX  "index_users_on_reset_password_token" ON "users"  ("reset_password_token")[0m
  [1m[35mSQL (0.5ms)[0m  [1m[32mINSERT INTO "schema_migrations" ("version") VALUES ($1) RETURNING "version"[0m  [["version", "20170502152351"]]
  [1m[35m (0.6ms)[0m  [1m[35mCOMMIT[0m
Migrating to CreateAssignments (20170503172307)
  [1m[35m (6.4ms)[0m  [1m[35mBEGIN[0m
  [1m[35m (14.9ms)[0m  [1m[35mCREATE TABLE "assignments" ("id" serial primary key, "project_id" integer, "user_id" integer, "created_at" timestamp NOT NULL, "updated_at" timestamp NOT NULL)[0m
  [1m[35m (7.1ms)[0m  [1m[35mCREATE  INDEX  "index_assignments_on_project_id" ON "assignments"  ("project_id")[0m
  [1m[35m (11.8ms)[0m  [1m[35mCREATE  INDEX  "index_assignments_on_user_id" ON "assignments"  ("user_id")[0m
  [1m[35mSQL (0.5ms)[0m  [1m[32mINSERT INTO "schema_migrations" ("version") VALUES ($1) RETURNING "version"[0m  [["version", "20170503172307"]]
  [1m[35m (13.4ms)[0m  [1m[35mCOMMIT[0m
  [1m[36mActiveRecord::InternalMetadata Load (0.7ms)[0m  [1m[34mSELECT  "ar_internal_metadata".* FROM "ar_internal_metadata" WHERE "ar_internal_metadata"."key" = $1 LIMIT $2[0m  [["key", :environment], ["LIMIT", 1]]
  [1m[35m (0.4ms)[0m  [1m[35mBEGIN[0m
  [1m[35mSQL (12.3ms)[0m  [1m[32mINSERT INTO "ar_internal_metadata" ("key", "value", "created_at", "updated_at") VALUES ($1, $2, $3, $4) RETURNING "key"[0m  [["key", "environment"], ["value", "development"], ["created_at", 2017-05-05 21:33:41 UTC], ["updated_at", 2017-05-05 21:33:41 UTC]]
  [1m[35m (6.5ms)[0m  [1m[35mCOMMIT[0m
  [1m[35m (0.5ms)[0m  [1m[34mSELECT pg_advisory_unlock(5541889914336099765)[0m
  [1m[36mActiveRecord::SchemaMigration Load (0.4ms)[0m  [1m[34mSELECT "schema_migrations".* FROM "schema_migrations"[0m
  [1m[36mActiveRecord::SchemaMigration Load (0.3ms)[0m  [1m[34mSELECT "schema_migrations".* FROM "schema_migrations"[0m
  [1m[36mUser Load (6.8ms)[0m  [1m[34mSELECT "users".* FROM "users"[0m
  [1m[36mProject Load (0.6ms)[0m  [1m[34mSELECT "projects".* FROM "projects"[0m
  [1m[36mAssignment Load (0.6ms)[0m  [1m[34mSELECT "assignments".* FROM "assignments"[0m
  [1m[35m (0.2ms)[0m  [1m[35mBEGIN[0m
  [1m[36mUser Exists (0.6ms)[0m  [1m[34mSELECT  1 AS one FROM "users" WHERE "users"."email" = $1 LIMIT $2[0m  [["email", "george53@bu.edu"], ["LIMIT", 1]]
  [1m[36mUser Exists (0.4ms)[0m  [1m[34mSELECT  1 AS one FROM "users" WHERE "users"."email" = $1 LIMIT $2[0m  [["email", "george53@bu.edu"], ["LIMIT", 1]]
  [1m[35mSQL (6.0ms)[0m  [1m[32mINSERT INTO "users" ("first_name", "last_name", "username", "email", "encrypted_password") VALUES ($1, $2, $3, $4, $5) RETURNING "id"[0m  [["first_name", "George"], ["last_name", "Li"], ["username", "K9Advantix"], ["email", "george53@bu.edu"], ["encrypted_password", "$2a$11$cSkTZio6UjtwzT2qk4C6GORCWN9Ktuw2MXvoJe5BFZ/8sXoCGaJZu"]]
  [1m[35m (11.9ms)[0m  [1m[35mCOMMIT[0m
  [1m[35m (0.2ms)[0m  [1m[35mBEGIN[0m
  [1m[36mUser Exists (0.5ms)[0m  [1m[34mSELECT  1 AS one FROM "users" WHERE "users"."email" = $1 LIMIT $2[0m  [["email", "holly@gmail.com"], ["LIMIT", 1]]
  [1m[36mUser Exists (0.4ms)[0m  [1m[34mSELECT  1 AS one FROM "users" WHERE "users"."email" = $1 LIMIT $2[0m  [["email", "holly@gmail.com"], ["LIMIT", 1]]
  [1m[35mSQL (0.5ms)[0m  [1m[32mINSERT INTO "users" ("first_name", "last_name", "username", "email", "encrypted_password") VALUES ($1, $2, $3, $4, $5) RETURNING "id"[0m  [["first_name", "Holly"], ["last_name", "Smith"], ["username", "HSmith89"], ["email", "holly@gmail.com"], ["encrypted_password", "$2a$11$uC7m43NmhsrjjlqluQ6zBuj/aHhl1tlhGyreyWb9buDgvNwRfn7Eq"]]
  [1m[35m (0.4ms)[0m  [1m[35mCOMMIT[0m
  [1m[35m (0.2ms)[0m  [1m[35mBEGIN[0m
  [1m[36mUser Exists (0.5ms)[0m  [1m[34mSELECT  1 AS one FROM "users" WHERE "users"."email" = $1 LIMIT $2[0m  [["email", "savini@gmail.com"], ["LIMIT", 1]]
  [1m[36mUser Exists (0.4ms)[0m  [1m[34mSELECT  1 AS one FROM "users" WHERE "users"."email" = $1 LIMIT $2[0m  [["email", "savini@gmail.com"], ["LIMIT", 1]]
  [1m[35mSQL (0.4ms)[0m  [1m[32mINSERT INTO "users" ("first_name", "last_name", "username", "email", "encrypted_password") VALUES ($1, $2, $3, $4, $5) RETURNING "id"[0m  [["first_name", "Steve"], ["last_name", "Savini"], ["username", "Savagini"], ["email", "savini@gmail.com"], ["encrypted_password", "$2a$11$Bgq2j8a5w65EWAK3GCjRQeoOu2Ru8Vnb9ULm/AxBwjIXH/LqGhuLa"]]
  [1m[35m (0.5ms)[0m  [1m[35mCOMMIT[0m
  [1m[35m (0.2ms)[0m  [1m[35mBEGIN[0m
  [1m[36mUser Exists (0.5ms)[0m  [1m[34mSELECT  1 AS one FROM "users" WHERE "users"."email" = $1 LIMIT $2[0m  [["email", "angelina@gmail.com"], ["LIMIT", 1]]
  [1m[36mUser Exists (0.5ms)[0m  [1m[34mSELECT  1 AS one FROM "users" WHERE "users"."email" = $1 LIMIT $2[0m  [["email", "angelina@gmail.com"], ["LIMIT", 1]]
  [1m[35mSQL (0.5ms)[0m  [1m[32mINSERT INTO "users" ("first_name", "last_name", "username", "email", "encrypted_password") VALUES ($1, $2, $3, $4, $5) RETURNING "id"[0m  [["first_name", "Angelina"], ["last_name", "Jolie"], ["username", "MrsSmith"], ["email", "angelina@gmail.com"], ["encrypted_password", "$2a$11$amOqyDGu24JHHzTzvIxpZe8iHix9oSHWkP2T4HVewJ7gB367DZE9S"]]
  [1m[35m (0.5ms)[0m  [1m[35mCOMMIT[0m
  [1m[35m (0.2ms)[0m  [1m[35mBEGIN[0m
  [1m[36mProject Exists (0.4ms)[0m  [1m[34mSELECT  1 AS one FROM "projects" WHERE "projects"."title" = $1 LIMIT $2[0m  [["title", "Calendar App for Masseurs"], ["LIMIT", 1]]
  [1m[35mSQL (1.9ms)[0m  [1m[32mINSERT INTO "projects" ("title", "description", "owner_id", "created_at", "updated_at") VALUES ($1, $2, $3, $4, $5) RETURNING "id"[0m  [["title", "Calendar App for Masseurs"], ["description", "Build an app that will help our masseurs on track! Should be built with React on Rails"], ["owner_id", 1], ["created_at", 2017-05-05 21:33:41 UTC], ["updated_at", 2017-05-05 21:33:41 UTC]]
  [1m[35m (0.5ms)[0m  [1m[35mCOMMIT[0m
  [1m[35m (0.2ms)[0m  [1m[35mBEGIN[0m
  [1m[36mProject Exists (0.4ms)[0m  [1m[34mSELECT  1 AS one FROM "projects" WHERE "projects"."title" = $1 LIMIT $2[0m  [["title", "Mobile Note Taking App"], ["LIMIT", 1]]
  [1m[35mSQL (0.4ms)[0m  [1m[32mINSERT INTO "projects" ("title", "description", "owner_id", "created_at", "updated_at") VALUES ($1, $2, $3, $4, $5) RETURNING "id"[0m  [["title", "Mobile Note Taking App"], ["description", "Build an app that will allow users to take notes using their finger to write on their mobile devices. Should be built in Swift"], ["owner_id", 4], ["created_at", 2017-05-05 21:33:41 UTC], ["updated_at", 2017-05-05 21:33:41 UTC]]
  [1m[35m (0.4ms)[0m  [1m[35mCOMMIT[0m
  [1m[35m (0.1ms)[0m  [1m[35mBEGIN[0m
  [1m[36mProject Exists (0.4ms)[0m  [1m[34mSELECT  1 AS one FROM "projects" WHERE "projects"."title" = $1 LIMIT $2[0m  [["title", "Meetup App for Guitar Enthusiasts"], ["LIMIT", 1]]
  [1m[35mSQL (0.4ms)[0m  [1m[32mINSERT INTO "projects" ("title", "description", "owner_id", "created_at", "updated_at") VALUES ($1, $2, $3, $4, $5) RETURNING "id"[0m  [["title", "Meetup App for Guitar Enthusiasts"], ["description", "Build an app that will help guitar hobbiests from around your area get in touch for a jam sesh!"], ["owner_id", 2], ["created_at", 2017-05-05 21:33:41 UTC], ["updated_at", 2017-05-05 21:33:41 UTC]]
  [1m[35m (0.4ms)[0m  [1m[35mCOMMIT[0m
  [1m[35m (0.2ms)[0m  [1m[35mBEGIN[0m
  [1m[36mProject Exists (0.4ms)[0m  [1m[34mSELECT  1 AS one FROM "projects" WHERE "projects"."title" = $1 LIMIT $2[0m  [["title", "Meetup App for Cat Enthusiasts"], ["LIMIT", 1]]
  [1m[35mSQL (0.4ms)[0m  [1m[32mINSERT INTO "projects" ("title", "description", "owner_id", "created_at", "updated_at") VALUES ($1, $2, $3, $4, $5) RETURNING "id"[0m  [["title", "Meetup App for Cat Enthusiasts"], ["description", "Build an app that will help cat hobbiests from around your area get in touch for a cat playdate!"], ["owner_id", 3], ["created_at", 2017-05-05 21:33:41 UTC], ["updated_at", 2017-05-05 21:33:41 UTC]]
  [1m[35m (0.5ms)[0m  [1m[35mCOMMIT[0m
  [1m[35m (0.2ms)[0m  [1m[35mBEGIN[0m
  [1m[35mSQL (28.1ms)[0m  [1m[32mINSERT INTO "assignments" ("project_id", "user_id", "created_at", "updated_at") VALUES ($1, $2, $3, $4) RETURNING "id"[0m  [["project_id", 1], ["user_id", 2], ["created_at", 2017-05-05 21:33:41 UTC], ["updated_at", 2017-05-05 21:33:41 UTC]]
  [1m[35m (0.6ms)[0m  [1m[35mCOMMIT[0m
  [1m[35m (0.2ms)[0m  [1m[35mBEGIN[0m
  [1m[35mSQL (0.4ms)[0m  [1m[32mINSERT INTO "assignments" ("project_id", "user_id", "created_at", "updated_at") VALUES ($1, $2, $3, $4) RETURNING "id"[0m  [["project_id", 1], ["user_id", 3], ["created_at", 2017-05-05 21:33:42 UTC], ["updated_at", 2017-05-05 21:33:42 UTC]]
  [1m[35m (0.5ms)[0m  [1m[35mCOMMIT[0m
  [1m[35m (0.2ms)[0m  [1m[35mBEGIN[0m
  [1m[35mSQL (0.4ms)[0m  [1m[32mINSERT INTO "assignments" ("project_id", "user_id", "created_at", "updated_at") VALUES ($1, $2, $3, $4) RETURNING "id"[0m  [["project_id", 1], ["user_id", 1], ["created_at", 2017-05-05 21:33:42 UTC], ["updated_at", 2017-05-05 21:33:42 UTC]]
  [1m[35m (0.4ms)[0m  [1m[35mCOMMIT[0m
  [1m[35m (0.2ms)[0m  [1m[35mBEGIN[0m
  [1m[35mSQL (1.8ms)[0m  [1m[32mINSERT INTO "assignments" ("project_id", "user_id", "created_at", "updated_at") VALUES ($1, $2, $3, $4) RETURNING "id"[0m  [["project_id", 2], ["user_id", 4], ["created_at", 2017-05-05 21:33:42 UTC], ["updated_at", 2017-05-05 21:33:42 UTC]]
  [1m[35m (0.4ms)[0m  [1m[35mCOMMIT[0m
  [1m[35m (0.2ms)[0m  [1m[35mBEGIN[0m
  [1m[35mSQL (0.4ms)[0m  [1m[32mINSERT INTO "assignments" ("project_id", "user_id", "created_at", "updated_at") VALUES ($1, $2, $3, $4) RETURNING "id"[0m  [["project_id", 2], ["user_id", 2], ["created_at", 2017-05-05 21:33:42 UTC], ["updated_at", 2017-05-05 21:33:42 UTC]]
  [1m[35m (0.4ms)[0m  [1m[35mCOMMIT[0m
  [1m[35m (0.1ms)[0m  [1m[35mBEGIN[0m
  [1m[35mSQL (0.4ms)[0m  [1m[32mINSERT INTO "assignments" ("project_id", "user_id", "created_at", "updated_at") VALUES ($1, $2, $3, $4) RETURNING "id"[0m  [["project_id", 2], ["user_id", 1], ["created_at", 2017-05-05 21:33:42 UTC], ["updated_at", 2017-05-05 21:33:42 UTC]]
  [1m[35m (0.5ms)[0m  [1m[35mCOMMIT[0m
  [1m[35m (0.2ms)[0m  [1m[35mBEGIN[0m
  [1m[35mSQL (0.4ms)[0m  [1m[32mINSERT INTO "assignments" ("project_id", "user_id", "created_at", "updated_at") VALUES ($1, $2, $3, $4) RETURNING "id"[0m  [["project_id", 3], ["user_id", 3], ["created_at", 2017-05-05 21:33:42 UTC], ["updated_at", 2017-05-05 21:33:42 UTC]]
  [1m[35m (0.3ms)[0m  [1m[35mCOMMIT[0m
  [1m[35m (0.1ms)[0m  [1m[35mBEGIN[0m
  [1m[35mSQL (0.4ms)[0m  [1m[32mINSERT INTO "assignments" ("project_id", "user_id", "created_at", "updated_at") VALUES ($1, $2, $3, $4) RETURNING "id"[0m  [["project_id", 3], ["user_id", 2], ["created_at", 2017-05-05 21:33:42 UTC], ["updated_at", 2017-05-05 21:33:42 UTC]]
  [1m[35m (0.4ms)[0m  [1m[35mCOMMIT[0m
  [1m[35m (0.2ms)[0m  [1m[35mBEGIN[0m
  [1m[35mSQL (0.6ms)[0m  [1m[32mINSERT INTO "assignments" ("project_id", "user_id", "created_at", "updated_at") VALUES ($1, $2, $3, $4) RETURNING "id"[0m  [["project_id", 3], ["user_id", 4], ["created_at", 2017-05-05 21:33:42 UTC], ["updated_at", 2017-05-05 21:33:42 UTC]]
  [1m[35m (0.4ms)[0m  [1m[35mCOMMIT[0m
  [1m[35m (0.2ms)[0m  [1m[35mBEGIN[0m
  [1m[35mSQL (0.4ms)[0m  [1m[32mINSERT INTO "assignments" ("project_id", "user_id", "created_at", "updated_at") VALUES ($1, $2, $3, $4) RETURNING "id"[0m  [["project_id", 4], ["user_id", 1], ["created_at", 2017-05-05 21:33:42 UTC], ["updated_at", 2017-05-05 21:33:42 UTC]]
  [1m[35m (0.4ms)[0m  [1m[35mCOMMIT[0m
  [1m[35m (0.1ms)[0m  [1m[35mBEGIN[0m
  [1m[35mSQL (0.4ms)[0m  [1m[32mINSERT INTO "assignments" ("project_id", "user_id", "created_at", "updated_at") VALUES ($1, $2, $3, $4) RETURNING "id"[0m  [["project_id", 4], ["user_id", 3], ["created_at", 2017-05-05 21:33:42 UTC], ["updated_at", 2017-05-05 21:33:42 UTC]]
  [1m[35m (0.4ms)[0m  [1m[35mCOMMIT[0m
  [1m[35m (0.1ms)[0m  [1m[35mBEGIN[0m
  [1m[35mSQL (0.4ms)[0m  [1m[32mINSERT INTO "assignments" ("project_id", "user_id", "created_at", "updated_at") VALUES ($1, $2, $3, $4) RETURNING "id"[0m  [["project_id", 4], ["user_id", 4], ["created_at", 2017-05-05 21:33:42 UTC], ["updated_at", 2017-05-05 21:33:42 UTC]]
  [1m[35m (0.4ms)[0m  [1m[35mCOMMIT[0m
Started GET "/" for ::1 at 2017-05-05 17:33:55 -0400
  [1m[36mActiveRecord::SchemaMigration Load (2.3ms)[0m  [1m[34mSELECT "schema_migrations".* FROM "schema_migrations"[0m
DEPRECATION WARNING: before_filter is deprecated and will be removed in Rails 5.1. Use before_action instead. (called from <class:ApplicationController> at /Users/georgeli/challenges/week 9/synapse/app/controllers/application_controller.rb:4)
Processing by ProjectsController#index as HTML
  Rendering projects/index.html.erb within layouts/application
  [1m[36mUser Load (2.1ms)[0m  [1m[34mSELECT  "users".* FROM "users" WHERE "users"."id" = $1 ORDER BY "users"."id" ASC LIMIT $2[0m  [["id", 6], ["LIMIT", 1]]
  Rendered projects/index.html.erb within layouts/application (46.6ms)
  Rendered layouts/_flash.html.erb (0.5ms)
Completed 200 OK in 1972ms (Views: 1953.2ms | ActiveRecord: 9.4ms)


Started GET "/javascripts/bundle.self.js" for ::1 at 2017-05-05 17:33:57 -0400
  
ActionController::RoutingError (No route matches [GET] "/javascripts/bundle.self.js"):
  
actionpack (5.0.2) lib/action_dispatch/middleware/debug_exceptions.rb:53:in `call'
web-console (3.5.0) lib/web_console/middleware.rb:135:in `call_app'
web-console (3.5.0) lib/web_console/middleware.rb:28:in `block in call'
web-console (3.5.0) lib/web_console/middleware.rb:18:in `catch'
web-console (3.5.0) lib/web_console/middleware.rb:18:in `call'
actionpack (5.0.2) lib/action_dispatch/middleware/show_exceptions.rb:31:in `call'
railties (5.0.2) lib/rails/rack/logger.rb:36:in `call_app'
railties (5.0.2) lib/rails/rack/logger.rb:24:in `block in call'
activesupport (5.0.2) lib/active_support/tagged_logging.rb:69:in `block in tagged'
activesupport (5.0.2) lib/active_support/tagged_logging.rb:26:in `tagged'
activesupport (5.0.2) lib/active_support/tagged_logging.rb:69:in `tagged'
railties (5.0.2) lib/rails/rack/logger.rb:24:in `call'
sprockets-rails (3.2.0) lib/sprockets/rails/quiet_assets.rb:13:in `call'
actionpack (5.0.2) lib/action_dispatch/middleware/request_id.rb:24:in `call'
rack (2.0.1) lib/rack/method_override.rb:22:in `call'
rack (2.0.1) lib/rack/runtime.rb:22:in `call'
activesupport (5.0.2) lib/active_support/cache/strategy/local_cache_middleware.rb:28:in `call'
actionpack (5.0.2) lib/action_dispatch/middleware/executor.rb:12:in `call'
actionpack (5.0.2) lib/action_dispatch/middleware/static.rb:136:in `call'
rack (2.0.1) lib/rack/sendfile.rb:111:in `call'
railties (5.0.2) lib/rails/engine.rb:522:in `call'
puma (3.8.2) lib/puma/configuration.rb:224:in `call'
puma (3.8.2) lib/puma/server.rb:600:in `handle_request'
puma (3.8.2) lib/puma/server.rb:435:in `process_client'
puma (3.8.2) lib/puma/server.rb:299:in `block in run'
puma (3.8.2) lib/puma/thread_pool.rb:120:in `block in spawn_thread'
  Rendering /Users/georgeli/.rvm/gems/ruby-2.3.3@global/gems/actionpack-5.0.2/lib/action_dispatch/middleware/templates/rescues/routing_error.html.erb within rescues/layout
  Rendering /Users/georgeli/.rvm/gems/ruby-2.3.3@global/gems/actionpack-5.0.2/lib/action_dispatch/middleware/templates/rescues/_trace.html.erb
  Rendered /Users/georgeli/.rvm/gems/ruby-2.3.3@global/gems/actionpack-5.0.2/lib/action_dispatch/middleware/templates/rescues/_trace.html.erb (1.6ms)
  Rendered collection of /Users/georgeli/.rvm/gems/ruby-2.3.3@global/gems/actionpack-5.0.2/lib/action_dispatch/middleware/templates/routes/_route.html.erb [41 times] (40.1ms)
  Rendered /Users/georgeli/.rvm/gems/ruby-2.3.3@global/gems/actionpack-5.0.2/lib/action_dispatch/middleware/templates/routes/_table.html.erb (16.2ms)
  Rendering /Users/georgeli/.rvm/gems/ruby-2.3.3@global/gems/actionpack-5.0.2/lib/action_dispatch/middleware/templates/rescues/_request_and_response.html.erb
  Rendered /Users/georgeli/.rvm/gems/ruby-2.3.3@global/gems/actionpack-5.0.2/lib/action_dispatch/middleware/templates/rescues/_request_and_response.html.erb (1.9ms)
  Rendered /Users/georgeli/.rvm/gems/ruby-2.3.3@global/gems/actionpack-5.0.2/lib/action_dispatch/middleware/templates/rescues/routing_error.html.erb within rescues/layout (198.6ms)
Started GET "/" for ::1 at 2017-05-05 17:35:19 -0400
Processing by ProjectsController#index as HTML
  Rendering projects/index.html.erb within layouts/application
  Rendered projects/index.html.erb within layouts/application (13.3ms)
  Rendered layouts/_flash.html.erb (0.8ms)
Completed 200 OK in 406ms (Views: 399.9ms | ActiveRecord: 0.0ms)


Started GET "/api/v1/projects" for ::1 at 2017-05-05 17:35:21 -0400
DEPRECATION WARNING: skip_before_filter is deprecated and will be removed in Rails 5.1. Use skip_before_action instead. (called from <class:ProjectsController> at /Users/georgeli/challenges/week 9/synapse/app/controllers/api/v1/projects_controller.rb:2)
Processing by Api::V1::ProjectsController#index as */*
  [1m[36mProject Load (48.6ms)[0m  [1m[34mSELECT "projects".* FROM "projects"[0m
Completed 200 OK in 233ms (Views: 29.1ms | ActiveRecord: 144.3ms)


Started GET "/users/sign_in" for ::1 at 2017-05-05 17:35:27 -0400
Processing by Devise::SessionsController#new as HTML
  Rendering devise/sessions/new.html.erb within layouts/application
  Rendered devise/shared/_links.html.erb (3.7ms)
  Rendered devise/sessions/new.html.erb within layouts/application (71.4ms)
  Rendered layouts/_flash.html.erb (0.7ms)
Completed 200 OK in 212ms (Views: 128.9ms | ActiveRecord: 20.6ms)


Started POST "/users/sign_in" for ::1 at 2017-05-05 17:35:35 -0400
Processing by Devise::SessionsController#create as HTML
  Parameters: {"utf8"=>"✓", "authenticity_token"=>"lbzNWXzZDVGH71D4JWWg49oKEpT9e1cXRrNvUHpvnxac+wpELqstLnu7+tLNLdzbBjEASQGVxyQkB/xbesIVvw==", "user"=>{"email"=>"george53@bu.edu", "password"=>"[FILTERED]"}, "commit"=>"Log In"}
  [1m[36mUser Load (84.3ms)[0m  [1m[34mSELECT  "users".* FROM "users" WHERE "users"."email" = $1 ORDER BY "users"."id" ASC LIMIT $2[0m  [["email", "george53@bu.edu"], ["LIMIT", 1]]
  [1m[35m (13.7ms)[0m  [1m[35mBEGIN[0m
  [1m[35mSQL (131.3ms)[0m  [1m[33mUPDATE "users" SET "current_sign_in_at" = $1, "last_sign_in_at" = $2, "current_sign_in_ip" = $3, "last_sign_in_ip" = $4, "sign_in_count" = $5 WHERE "users"."id" = $6[0m  [["current_sign_in_at", 2017-05-05 21:35:35 UTC], ["last_sign_in_at", 2017-05-05 21:35:35 UTC], ["current_sign_in_ip", "::1/128"], ["last_sign_in_ip", "::1/128"], ["sign_in_count", 1], ["id", 1]]
  [1m[35m (1.6ms)[0m  [1m[35mCOMMIT[0m
Redirected to http://localhost:3000/
Completed 302 Found in 556ms (ActiveRecord: 230.9ms)


Started GET "/" for ::1 at 2017-05-05 17:35:35 -0400
Processing by ProjectsController#index as HTML
  Rendering projects/index.html.erb within layouts/application
  [1m[36mUser Load (27.1ms)[0m  [1m[34mSELECT  "users".* FROM "users" WHERE "users"."id" = $1 ORDER BY "users"."id" ASC LIMIT $2[0m  [["id", 1], ["LIMIT", 1]]
  Rendered projects/index.html.erb within layouts/application (32.2ms)
  Rendered layouts/_flash.html.erb (3.2ms)
Completed 200 OK in 75ms (Views: 46.1ms | ActiveRecord: 27.1ms)


Started GET "/api/v1/projects" for ::1 at 2017-05-05 17:35:36 -0400
Processing by Api::V1::ProjectsController#index as */*
  [1m[36mProject Load (1.5ms)[0m  [1m[34mSELECT "projects".* FROM "projects"[0m
Completed 200 OK in 7ms (Views: 5.1ms | ActiveRecord: 1.5ms)


Started GET "/" for ::1 at 2017-05-05 17:36:09 -0400
Processing by ProjectsController#index as HTML
  Rendering projects/index.html.erb within layouts/application
  [1m[36mUser Load (18.6ms)[0m  [1m[34mSELECT  "users".* FROM "users" WHERE "users"."id" = $1 ORDER BY "users"."id" ASC LIMIT $2[0m  [["id", 1], ["LIMIT", 1]]
  Rendered projects/index.html.erb within layouts/application (42.3ms)
  Rendered layouts/_flash.html.erb (1.0ms)
Completed 200 OK in 130ms (Views: 103.0ms | ActiveRecord: 18.6ms)


Started GET "/api/v1/projects" for ::1 at 2017-05-05 17:36:09 -0400
Processing by Api::V1::ProjectsController#index as */*
  [1m[36mProject Load (1.8ms)[0m  [1m[34mSELECT "projects".* FROM "projects"[0m
Completed 200 OK in 11ms (Views: 8.6ms | ActiveRecord: 1.8ms)


Started GET "/" for ::1 at 2017-05-05 17:36:53 -0400
Processing by ProjectsController#index as HTML
  Rendering projects/index.html.erb within layouts/application
  [1m[36mUser Load (10.3ms)[0m  [1m[34mSELECT  "users".* FROM "users" WHERE "users"."id" = $1 ORDER BY "users"."id" ASC LIMIT $2[0m  [["id", 1], ["LIMIT", 1]]
  Rendered projects/index.html.erb within layouts/application (34.5ms)
  Rendered layouts/_flash.html.erb (0.8ms)
Completed 200 OK in 122ms (Views: 106.4ms | ActiveRecord: 10.3ms)


Started GET "/api/v1/projects" for ::1 at 2017-05-05 17:36:55 -0400
Processing by Api::V1::ProjectsController#index as */*
  [1m[36mProject Load (33.9ms)[0m  [1m[34mSELECT "projects".* FROM "projects"[0m
Completed 200 OK in 47ms (Views: 6.4ms | ActiveRecord: 33.9ms)


Started GET "/profile" for ::1 at 2017-05-05 17:37:05 -0400
Processing by UsersController#profile as HTML
  [1m[36mUser Load (1.6ms)[0m  [1m[34mSELECT  "users".* FROM "users" WHERE "users"."id" = $1 ORDER BY "users"."id" ASC LIMIT $2[0m  [["id", 1], ["LIMIT", 1]]
  Rendering users/profile.html.erb within layouts/application
  [1m[36mProject Load (0.8ms)[0m  [1m[34mSELECT "projects".* FROM "projects" WHERE "projects"."owner_id" = $1[0m  [["owner_id", 1]]
  [1m[36mProject Load (0.9ms)[0m  [1m[34mSELECT "projects".* FROM "projects" INNER JOIN "assignments" ON "projects"."id" = "assignments"."project_id" WHERE "assignments"."user_id" = $1[0m  [["user_id", 1]]
  Rendered users/profile.html.erb within layouts/application (211.6ms)
  Rendered layouts/_flash.html.erb (1.4ms)
Completed 200 OK in 331ms (Views: 248.3ms | ActiveRecord: 51.5ms)


Started GET "/profile" for ::1 at 2017-05-05 17:37:16 -0400
Processing by UsersController#profile as HTML
  [1m[36mUser Load (107.8ms)[0m  [1m[34mSELECT  "users".* FROM "users" WHERE "users"."id" = $1 ORDER BY "users"."id" ASC LIMIT $2[0m  [["id", 1], ["LIMIT", 1]]
  Rendering users/profile.html.erb within layouts/application
  [1m[36mProject Load (2.4ms)[0m  [1m[34mSELECT "projects".* FROM "projects" WHERE "projects"."owner_id" = $1[0m  [["owner_id", 1]]
  [1m[36mProject Load (3.5ms)[0m  [1m[34mSELECT "projects".* FROM "projects" INNER JOIN "assignments" ON "projects"."id" = "assignments"."project_id" WHERE "assignments"."user_id" = $1[0m  [["user_id", 1]]
  Rendered users/profile.html.erb within layouts/application (49.4ms)
  Rendered layouts/_flash.html.erb (0.7ms)
Completed 200 OK in 423ms (Views: 263.6ms | ActiveRecord: 119.6ms)


Started GET "/profile" for ::1 at 2017-05-05 17:37:33 -0400
Processing by UsersController#profile as HTML
  [1m[36mUser Load (13.7ms)[0m  [1m[34mSELECT  "users".* FROM "users" WHERE "users"."id" = $1 ORDER BY "users"."id" ASC LIMIT $2[0m  [["id", 1], ["LIMIT", 1]]
  Rendering users/profile.html.erb within layouts/application
  [1m[36mProject Load (9.9ms)[0m  [1m[34mSELECT "projects".* FROM "projects" WHERE "projects"."owner_id" = $1[0m  [["owner_id", 1]]
  [1m[36mProject Load (1.1ms)[0m  [1m[34mSELECT "projects".* FROM "projects" INNER JOIN "assignments" ON "projects"."id" = "assignments"."project_id" WHERE "assignments"."user_id" = $1[0m  [["user_id", 1]]
  Rendered users/profile.html.erb within layouts/application (56.5ms)
  Rendered layouts/_flash.html.erb (1.2ms)
Completed 200 OK in 189ms (Views: 136.9ms | ActiveRecord: 25.1ms)


Started GET "/profile" for ::1 at 2017-05-05 17:37:47 -0400
Processing by UsersController#profile as HTML
  [1m[36mUser Load (69.1ms)[0m  [1m[34mSELECT  "users".* FROM "users" WHERE "users"."id" = $1 ORDER BY "users"."id" ASC LIMIT $2[0m  [["id", 1], ["LIMIT", 1]]
  Rendering users/profile.html.erb within layouts/application
  [1m[36mProject Load (0.4ms)[0m  [1m[34mSELECT "projects".* FROM "projects" WHERE "projects"."owner_id" = $1[0m  [["owner_id", 1]]
  [1m[36mProject Load (29.8ms)[0m  [1m[34mSELECT "projects".* FROM "projects" INNER JOIN "assignments" ON "projects"."id" = "assignments"."project_id" WHERE "assignments"."user_id" = $1[0m  [["user_id", 1]]
  Rendered users/profile.html.erb within layouts/application (61.6ms)
  Rendered layouts/_flash.html.erb (3.9ms)
Completed 200 OK in 286ms (Views: 153.2ms | ActiveRecord: 105.9ms)


Started GET "/profile" for ::1 at 2017-05-05 17:39:09 -0400
Processing by UsersController#profile as HTML
  [1m[36mUser Load (47.6ms)[0m  [1m[34mSELECT  "users".* FROM "users" WHERE "users"."id" = $1 ORDER BY "users"."id" ASC LIMIT $2[0m  [["id", 1], ["LIMIT", 1]]
  Rendering users/profile.html.erb within layouts/application
  [1m[36mProject Load (2.1ms)[0m  [1m[34mSELECT "projects".* FROM "projects" WHERE "projects"."owner_id" = $1[0m  [["owner_id", 1]]
  [1m[36mProject Load (35.2ms)[0m  [1m[34mSELECT "projects".* FROM "projects" INNER JOIN "assignments" ON "projects"."id" = "assignments"."project_id" WHERE "assignments"."user_id" = $1[0m  [["user_id", 1]]
  Rendered users/profile.html.erb within layouts/application (92.2ms)
  Rendered layouts/_flash.html.erb (1.1ms)
Completed 200 OK in 347ms (Views: 209.0ms | ActiveRecord: 84.9ms)


Started GET "/" for ::1 at 2017-05-05 17:39:24 -0400
Processing by ProjectsController#index as HTML
  Rendering projects/index.html.erb within layouts/application
  [1m[36mUser Load (8.9ms)[0m  [1m[34mSELECT  "users".* FROM "users" WHERE "users"."id" = $1 ORDER BY "users"."id" ASC LIMIT $2[0m  [["id", 1], ["LIMIT", 1]]
  Rendered projects/index.html.erb within layouts/application (43.5ms)
  Rendered layouts/_flash.html.erb (2.2ms)
Completed 200 OK in 122ms (Views: 103.6ms | ActiveRecord: 8.9ms)


Started GET "/api/v1/projects" for ::1 at 2017-05-05 17:39:25 -0400
Processing by Api::V1::ProjectsController#index as */*
  [1m[36mProject Load (16.5ms)[0m  [1m[34mSELECT "projects".* FROM "projects"[0m
Completed 200 OK in 32ms (Views: 13.9ms | ActiveRecord: 16.5ms)


Started GET "/" for ::1 at 2017-05-05 17:40:06 -0400
Processing by ProjectsController#index as HTML
  Rendering projects/index.html.erb within layouts/application
  [1m[36mUser Load (25.0ms)[0m  [1m[34mSELECT  "users".* FROM "users" WHERE "users"."id" = $1 ORDER BY "users"."id" ASC LIMIT $2[0m  [["id", 1], ["LIMIT", 1]]
  Rendered projects/index.html.erb within layouts/application (52.7ms)
  Rendered layouts/_flash.html.erb (1.2ms)
Completed 200 OK in 164ms (Views: 133.0ms | ActiveRecord: 25.0ms)


Started GET "/api/v1/projects" for ::1 at 2017-05-05 17:40:08 -0400
Processing by Api::V1::ProjectsController#index as */*
  [1m[36mProject Load (1.0ms)[0m  [1m[34mSELECT "projects".* FROM "projects"[0m
Completed 200 OK in 9ms (Views: 7.3ms | ActiveRecord: 1.0ms)


Started GET "/" for ::1 at 2017-05-05 17:41:12 -0400
Processing by ProjectsController#index as HTML
  Rendering projects/index.html.erb within layouts/application
  [1m[36mUser Load (19.6ms)[0m  [1m[34mSELECT  "users".* FROM "users" WHERE "users"."id" = $1 ORDER BY "users"."id" ASC LIMIT $2[0m  [["id", 1], ["LIMIT", 1]]
  Rendered projects/index.html.erb within layouts/application (48.9ms)
  Rendered layouts/_flash.html.erb (5.9ms)
Completed 200 OK in 209ms (Views: 183.5ms | ActiveRecord: 19.6ms)


Started GET "/api/v1/projects" for ::1 at 2017-05-05 17:41:13 -0400
Processing by Api::V1::ProjectsController#index as */*
  [1m[36mProject Load (1.1ms)[0m  [1m[34mSELECT "projects".* FROM "projects"[0m
Completed 200 OK in 9ms (Views: 7.3ms | ActiveRecord: 1.1ms)


Started GET "/" for ::1 at 2017-05-05 17:41:32 -0400
Processing by ProjectsController#index as HTML
  Rendering projects/index.html.erb within layouts/application
  [1m[36mUser Load (86.1ms)[0m  [1m[34mSELECT  "users".* FROM "users" WHERE "users"."id" = $1 ORDER BY "users"."id" ASC LIMIT $2[0m  [["id", 1], ["LIMIT", 1]]
  Rendered projects/index.html.erb within layouts/application (124.6ms)
  Rendered layouts/_flash.html.erb (2.5ms)
Completed 200 OK in 337ms (Views: 245.6ms | ActiveRecord: 86.1ms)


Started GET "/api/v1/projects" for ::1 at 2017-05-05 17:41:34 -0400
Processing by Api::V1::ProjectsController#index as */*
  [1m[36mProject Load (0.9ms)[0m  [1m[34mSELECT "projects".* FROM "projects"[0m
Completed 200 OK in 10ms (Views: 8.0ms | ActiveRecord: 0.9ms)


Started GET "/" for ::1 at 2017-05-05 17:44:19 -0400
Processing by ProjectsController#index as HTML
  Rendering projects/index.html.erb within layouts/application
  [1m[36mUser Load (132.9ms)[0m  [1m[34mSELECT  "users".* FROM "users" WHERE "users"."id" = $1 ORDER BY "users"."id" ASC LIMIT $2[0m  [["id", 1], ["LIMIT", 1]]
  Rendered projects/index.html.erb within layouts/application (199.2ms)
  Rendered layouts/_flash.html.erb (0.7ms)
Completed 200 OK in 541ms (Views: 385.7ms | ActiveRecord: 132.9ms)


Started GET "/api/v1/projects" for ::1 at 2017-05-05 17:44:20 -0400
Processing by Api::V1::ProjectsController#index as */*
  [1m[36mProject Load (0.9ms)[0m  [1m[34mSELECT "projects".* FROM "projects"[0m
Completed 200 OK in 5ms (Views: 3.7ms | ActiveRecord: 0.9ms)


Started GET "/" for ::1 at 2017-05-05 17:48:08 -0400
Processing by ProjectsController#index as HTML
  Rendering projects/index.html.erb within layouts/application
  [1m[36mUser Load (34.9ms)[0m  [1m[34mSELECT  "users".* FROM "users" WHERE "users"."id" = $1 ORDER BY "users"."id" ASC LIMIT $2[0m  [["id", 1], ["LIMIT", 1]]
  Rendered projects/index.html.erb within layouts/application (75.3ms)
  Rendered layouts/_flash.html.erb (1.3ms)
Completed 200 OK in 843ms (Views: 797.0ms | ActiveRecord: 34.9ms)


Started GET "/api/v1/projects" for ::1 at 2017-05-05 17:48:11 -0400
Processing by Api::V1::ProjectsController#index as */*
  [1m[36mProject Load (0.7ms)[0m  [1m[34mSELECT "projects".* FROM "projects"[0m
Completed 200 OK in 6ms (Views: 4.6ms | ActiveRecord: 0.7ms)


Started GET "/" for ::1 at 2017-05-05 17:48:45 -0400
Processing by ProjectsController#index as HTML
  Rendering projects/index.html.erb within layouts/application
  [1m[36mUser Load (14.7ms)[0m  [1m[34mSELECT  "users".* FROM "users" WHERE "users"."id" = $1 ORDER BY "users"."id" ASC LIMIT $2[0m  [["id", 1], ["LIMIT", 1]]
  Rendered projects/index.html.erb within layouts/application (36.0ms)
  Rendered layouts/_flash.html.erb (2.1ms)
Completed 200 OK in 249ms (Views: 229.1ms | ActiveRecord: 14.7ms)


Started GET "/api/v1/projects" for ::1 at 2017-05-05 17:48:46 -0400
Processing by Api::V1::ProjectsController#index as */*
  [1m[36mProject Load (1.0ms)[0m  [1m[34mSELECT "projects".* FROM "projects"[0m
Completed 200 OK in 5ms (Views: 3.9ms | ActiveRecord: 1.0ms)


Started GET "/profile" for ::1 at 2017-05-05 17:49:07 -0400
Processing by UsersController#profile as HTML
  [1m[36mUser Load (3.5ms)[0m  [1m[34mSELECT  "users".* FROM "users" WHERE "users"."id" = $1 ORDER BY "users"."id" ASC LIMIT $2[0m  [["id", 1], ["LIMIT", 1]]
  Rendering users/profile.html.erb within layouts/application
  [1m[36mProject Load (25.5ms)[0m  [1m[34mSELECT "projects".* FROM "projects" WHERE "projects"."owner_id" = $1[0m  [["owner_id", 1]]
  [1m[36mProject Load (25.4ms)[0m  [1m[34mSELECT "projects".* FROM "projects" INNER JOIN "assignments" ON "projects"."id" = "assignments"."project_id" WHERE "assignments"."user_id" = $1[0m  [["user_id", 1]]
  Rendered users/profile.html.erb within layouts/application (84.1ms)
  Rendered layouts/_flash.html.erb (1.0ms)
Completed 200 OK in 194ms (Views: 114.8ms | ActiveRecord: 54.5ms)


Started GET "/projects/1" for ::1 at 2017-05-05 18:20:56 -0400
Processing by ProjectsController#show as HTML
  Parameters: {"id"=>"1"}
  [1m[36mProject Load (107.2ms)[0m  [1m[34mSELECT  "projects".* FROM "projects" WHERE "projects"."id" = $1 LIMIT $2[0m  [["id", 1], ["LIMIT", 1]]
  [1m[36mUser Load (68.9ms)[0m  [1m[34mSELECT  "users".* FROM "users" WHERE "users"."id" = $1 ORDER BY "users"."id" ASC LIMIT $2[0m  [["id", 1], ["LIMIT", 1]]
  Rendering projects/show.html.erb within layouts/application
  [1m[36mUser Load (1.9ms)[0m  [1m[34mSELECT  "users".* FROM "users" WHERE "users"."id" = $1 LIMIT $2[0m  [["id", 1], ["LIMIT", 1]]
  [1m[36mUser Load (46.1ms)[0m  [1m[34mSELECT "users".* FROM "users" INNER JOIN "assignments" ON "users"."id" = "assignments"."user_id" WHERE "assignments"."project_id" = $1[0m  [["project_id", 1]]
  [1m[35m (25.0ms)[0m  [1m[34mSELECT COUNT(*) FROM "assignments" WHERE "assignments"."project_id" = $1 AND "assignments"."user_id" = $2[0m  [["project_id", 1], ["user_id", 1]]
  Rendered projects/show.html.erb within layouts/application (180.7ms)
  Rendered layouts/_flash.html.erb (1.0ms)
Completed 200 OK in 572ms (Views: 192.2ms | ActiveRecord: 249.0ms)


Started GET "/" for ::1 at 2017-05-05 18:21:07 -0400
Processing by ProjectsController#index as HTML
  Rendering projects/index.html.erb within layouts/application
  [1m[36mUser Load (17.5ms)[0m  [1m[34mSELECT  "users".* FROM "users" WHERE "users"."id" = $1 ORDER BY "users"."id" ASC LIMIT $2[0m  [["id", 1], ["LIMIT", 1]]
  Rendered projects/index.html.erb within layouts/application (47.7ms)
  Rendered layouts/_flash.html.erb (2.2ms)
Completed 200 OK in 151ms (Views: 124.6ms | ActiveRecord: 17.5ms)


Started GET "/api/v1/projects" for ::1 at 2017-05-05 18:21:07 -0400
Processing by Api::V1::ProjectsController#index as */*
  [1m[36mProject Load (1.5ms)[0m  [1m[34mSELECT "projects".* FROM "projects"[0m
Completed 200 OK in 9ms (Views: 6.1ms | ActiveRecord: 1.5ms)


Started GET "/projects/1" for ::1 at 2017-05-05 18:21:25 -0400
Processing by ProjectsController#show as HTML
  Parameters: {"id"=>"1"}
  [1m[36mProject Load (2.5ms)[0m  [1m[34mSELECT  "projects".* FROM "projects" WHERE "projects"."id" = $1 LIMIT $2[0m  [["id", 1], ["LIMIT", 1]]
  [1m[36mUser Load (12.2ms)[0m  [1m[34mSELECT  "users".* FROM "users" WHERE "users"."id" = $1 ORDER BY "users"."id" ASC LIMIT $2[0m  [["id", 1], ["LIMIT", 1]]
  Rendering projects/show.html.erb within layouts/application
  [1m[36mUser Load (0.9ms)[0m  [1m[34mSELECT  "users".* FROM "users" WHERE "users"."id" = $1 LIMIT $2[0m  [["id", 1], ["LIMIT", 1]]
  [1m[36mUser Load (0.9ms)[0m  [1m[34mSELECT "users".* FROM "users" INNER JOIN "assignments" ON "users"."id" = "assignments"."user_id" WHERE "assignments"."project_id" = $1[0m  [["project_id", 1]]
  [1m[35m (0.7ms)[0m  [1m[34mSELECT COUNT(*) FROM "assignments" WHERE "assignments"."project_id" = $1 AND "assignments"."user_id" = $2[0m  [["project_id", 1], ["user_id", 1]]
  Rendered projects/show.html.erb within layouts/application (57.6ms)
  Rendered layouts/_flash.html.erb (2.2ms)
Completed 200 OK in 276ms (Views: 207.2ms | ActiveRecord: 17.3ms)


Started POST "/api/v1/projects" for ::1 at 2017-05-05 18:21:42 -0400
Processing by Api::V1::ProjectsController#create as */*
Started GET "/" for ::1 at 2017-05-05 18:21:42 -0400
  Parameters: {"title"=>"like a real nig", "description"=>"nignigningi", "project"=>{"title"=>"like a real nig", "description"=>"nignigningi"}}
Processing by ProjectsController#index as HTML
  Rendering projects/index.html.erb within layouts/application
  [1m[36mUser Load (31.8ms)[0m  [1m[34mSELECT  "users".* FROM "users" WHERE "users"."id" = $1 ORDER BY "users"."id" ASC LIMIT $2[0m  [["id", 1], ["LIMIT", 1]]
  [1m[35m (30.8ms)[0m  [1m[35mBEGIN[0m
  [1m[36mUser Load (41.7ms)[0m  [1m[34mSELECT  "users".* FROM "users" WHERE "users"."id" = $1 ORDER BY "users"."id" ASC LIMIT $2[0m  [["id", 1], ["LIMIT", 1]]
  Rendered projects/index.html.erb within layouts/application (64.6ms)
  Rendered layouts/_flash.html.erb (1.2ms)
Completed 200 OK in 246ms (Views: 198.0ms | ActiveRecord: 41.7ms)


  [1m[36mProject Exists (101.8ms)[0m  [1m[34mSELECT  1 AS one FROM "projects" WHERE "projects"."title" = $1 LIMIT $2[0m  [["title", "like a real nig"], ["LIMIT", 1]]
  [1m[36mUser Load (20.1ms)[0m  [1m[34mSELECT  "users".* FROM "users" WHERE "users"."id" = $1 LIMIT $2[0m  [["id", 1], ["LIMIT", 1]]
  [1m[35mSQL (160.6ms)[0m  [1m[32mINSERT INTO "projects" ("title", "description", "owner_id", "created_at", "updated_at") VALUES ($1, $2, $3, $4, $5) RETURNING "id"[0m  [["title", "like a real nig"], ["description", "nignigningi"], ["owner_id", 1], ["created_at", 2017-05-05 22:21:42 UTC], ["updated_at", 2017-05-05 22:21:42 UTC]]
  [1m[35m (15.1ms)[0m  [1m[35mCOMMIT[0m
Completed 200 OK in 532ms (Views: 0.4ms | ActiveRecord: 360.2ms)


Started GET "/api/v1/projects" for ::1 at 2017-05-05 18:21:43 -0400
Processing by Api::V1::ProjectsController#index as */*
  [1m[36mProject Load (0.5ms)[0m  [1m[34mSELECT "projects".* FROM "projects"[0m
Completed 200 OK in 3ms (Views: 2.6ms | ActiveRecord: 0.5ms)


Started GET "/profile" for ::1 at 2017-05-05 18:21:46 -0400
Processing by UsersController#profile as HTML
  [1m[36mUser Load (21.5ms)[0m  [1m[34mSELECT  "users".* FROM "users" WHERE "users"."id" = $1 ORDER BY "users"."id" ASC LIMIT $2[0m  [["id", 1], ["LIMIT", 1]]
  Rendering users/profile.html.erb within layouts/application
  [1m[36mProject Load (0.7ms)[0m  [1m[34mSELECT "projects".* FROM "projects" WHERE "projects"."owner_id" = $1[0m  [["owner_id", 1]]
  [1m[36mProject Load (22.1ms)[0m  [1m[34mSELECT "projects".* FROM "projects" INNER JOIN "assignments" ON "projects"."id" = "assignments"."project_id" WHERE "assignments"."user_id" = $1[0m  [["user_id", 1]]
  Rendered users/profile.html.erb within layouts/application (66.4ms)
  Rendered layouts/_flash.html.erb (2.2ms)
Completed 200 OK in 280ms (Views: 190.7ms | ActiveRecord: 44.4ms)


Started GET "/projects/2" for ::1 at 2017-05-05 18:21:56 -0400
Processing by ProjectsController#show as HTML
  Parameters: {"id"=>"2"}
  [1m[36mProject Load (14.8ms)[0m  [1m[34mSELECT  "projects".* FROM "projects" WHERE "projects"."id" = $1 LIMIT $2[0m  [["id", 2], ["LIMIT", 1]]
  [1m[36mUser Load (26.0ms)[0m  [1m[34mSELECT  "users".* FROM "users" WHERE "users"."id" = $1 ORDER BY "users"."id" ASC LIMIT $2[0m  [["id", 1], ["LIMIT", 1]]
  Rendering projects/show.html.erb within layouts/application
  [1m[36mUser Load (0.6ms)[0m  [1m[34mSELECT  "users".* FROM "users" WHERE "users"."id" = $1 LIMIT $2[0m  [["id", 4], ["LIMIT", 1]]
  [1m[36mUser Load (2.0ms)[0m  [1m[34mSELECT "users".* FROM "users" INNER JOIN "assignments" ON "users"."id" = "assignments"."user_id" WHERE "assignments"."project_id" = $1[0m  [["project_id", 2]]
  [1m[35m (11.7ms)[0m  [1m[34mSELECT COUNT(*) FROM "assignments" WHERE "assignments"."project_id" = $1 AND "assignments"."user_id" = $2[0m  [["project_id", 2], ["user_id", 1]]
  Rendered projects/show.html.erb within layouts/application (45.6ms)
  Rendered layouts/_flash.html.erb (3.4ms)
Completed 200 OK in 241ms (Views: 119.2ms | ActiveRecord: 55.0ms)


Started GET "/projects/4" for ::1 at 2017-05-05 18:22:04 -0400
Processing by ProjectsController#show as HTML
  Parameters: {"id"=>"4"}
  [1m[36mProject Load (7.2ms)[0m  [1m[34mSELECT  "projects".* FROM "projects" WHERE "projects"."id" = $1 LIMIT $2[0m  [["id", 4], ["LIMIT", 1]]
  [1m[36mUser Load (3.4ms)[0m  [1m[34mSELECT  "users".* FROM "users" WHERE "users"."id" = $1 ORDER BY "users"."id" ASC LIMIT $2[0m  [["id", 1], ["LIMIT", 1]]
  Rendering projects/show.html.erb within layouts/application
  [1m[36mUser Load (0.5ms)[0m  [1m[34mSELECT  "users".* FROM "users" WHERE "users"."id" = $1 LIMIT $2[0m  [["id", 3], ["LIMIT", 1]]
  [1m[36mUser Load (13.4ms)[0m  [1m[34mSELECT "users".* FROM "users" INNER JOIN "assignments" ON "users"."id" = "assignments"."user_id" WHERE "assignments"."project_id" = $1[0m  [["project_id", 4]]
  [1m[35m (14.8ms)[0m  [1m[34mSELECT COUNT(*) FROM "assignments" WHERE "assignments"."project_id" = $1 AND "assignments"."user_id" = $2[0m  [["project_id", 4], ["user_id", 1]]
  Rendered projects/show.html.erb within layouts/application (58.0ms)
  Rendered layouts/_flash.html.erb (2.3ms)
Completed 200 OK in 318ms (Views: 180.3ms | ActiveRecord: 39.3ms)


Started GET "/users/edit" for ::1 at 2017-05-05 18:22:10 -0400
Processing by Devise::RegistrationsController#edit as HTML
  [1m[36mUser Load (21.5ms)[0m  [1m[34mSELECT  "users".* FROM "users" WHERE "users"."id" = $1 ORDER BY "users"."id" ASC LIMIT $2[0m  [["id", 1], ["LIMIT", 1]]
  Rendering devise/registrations/edit.html.erb within layouts/application
  Rendered devise/registrations/edit.html.erb within layouts/application (42.4ms)
  Rendered layouts/_flash.html.erb (1.1ms)
Completed 200 OK in 172ms (Views: 127.2ms | ActiveRecord: 21.5ms)


Started GET "/projects/2" for ::1 at 2017-05-05 18:22:23 -0400
Processing by ProjectsController#show as HTML
  Parameters: {"id"=>"2"}
  [1m[36mProject Load (8.5ms)[0m  [1m[34mSELECT  "projects".* FROM "projects" WHERE "projects"."id" = $1 LIMIT $2[0m  [["id", 2], ["LIMIT", 1]]
  [1m[36mUser Load (1.0ms)[0m  [1m[34mSELECT  "users".* FROM "users" WHERE "users"."id" = $1 ORDER BY "users"."id" ASC LIMIT $2[0m  [["id", 1], ["LIMIT", 1]]
  Rendering projects/show.html.erb within layouts/application
  [1m[36mUser Load (0.7ms)[0m  [1m[34mSELECT  "users".* FROM "users" WHERE "users"."id" = $1 LIMIT $2[0m  [["id", 4], ["LIMIT", 1]]
  [1m[36mUser Load (2.5ms)[0m  [1m[34mSELECT "users".* FROM "users" INNER JOIN "assignments" ON "users"."id" = "assignments"."user_id" WHERE "assignments"."project_id" = $1[0m  [["project_id", 2]]
  [1m[35m (0.7ms)[0m  [1m[34mSELECT COUNT(*) FROM "assignments" WHERE "assignments"."project_id" = $1 AND "assignments"."user_id" = $2[0m  [["project_id", 2], ["user_id", 1]]
  Rendered projects/show.html.erb within layouts/application (26.1ms)
  Rendered layouts/_flash.html.erb (1.1ms)
Completed 200 OK in 116ms (Views: 69.9ms | ActiveRecord: 13.5ms)


Started GET "/" for ::1 at 2017-05-05 18:22:49 -0400
Processing by ProjectsController#index as HTML
  Rendering projects/index.html.erb within layouts/application
  [1m[36mUser Load (2.0ms)[0m  [1m[34mSELECT  "users".* FROM "users" WHERE "users"."id" = $1 ORDER BY "users"."id" ASC LIMIT $2[0m  [["id", 1], ["LIMIT", 1]]
  Rendered projects/index.html.erb within layouts/application (8.4ms)
  Rendered layouts/_flash.html.erb (0.6ms)
Completed 200 OK in 67ms (Views: 62.2ms | ActiveRecord: 2.0ms)


Started GET "/api/v1/projects" for ::1 at 2017-05-05 18:22:49 -0400
Processing by Api::V1::ProjectsController#index as */*
  [1m[36mProject Load (0.9ms)[0m  [1m[34mSELECT "projects".* FROM "projects"[0m
Completed 200 OK in 7ms (Views: 5.6ms | ActiveRecord: 0.9ms)


Started GET "/" for ::1 at 2017-05-05 18:22:52 -0400
Processing by ProjectsController#index as HTML
  Rendering projects/index.html.erb within layouts/application
  [1m[36mUser Load (7.6ms)[0m  [1m[34mSELECT  "users".* FROM "users" WHERE "users"."id" = $1 ORDER BY "users"."id" ASC LIMIT $2[0m  [["id", 1], ["LIMIT", 1]]
  Rendered projects/index.html.erb within layouts/application (16.9ms)
  Rendered layouts/_flash.html.erb (0.5ms)
Completed 200 OK in 110ms (Views: 92.7ms | ActiveRecord: 7.6ms)


Started GET "/api/v1/projects" for ::1 at 2017-05-05 18:22:52 -0400
Processing by Api::V1::ProjectsController#index as */*
  [1m[36mProject Load (0.7ms)[0m  [1m[34mSELECT "projects".* FROM "projects"[0m
Completed 200 OK in 6ms (Views: 5.2ms | ActiveRecord: 0.7ms)


Started GET "/" for ::1 at 2017-05-05 18:23:07 -0400
Processing by ProjectsController#index as HTML
  Rendering projects/index.html.erb within layouts/application
  [1m[36mUser Load (20.0ms)[0m  [1m[34mSELECT  "users".* FROM "users" WHERE "users"."id" = $1 ORDER BY "users"."id" ASC LIMIT $2[0m  [["id", 1], ["LIMIT", 1]]
  Rendered projects/index.html.erb within layouts/application (30.1ms)
  Rendered layouts/_flash.html.erb (0.9ms)
Completed 200 OK in 117ms (Views: 93.8ms | ActiveRecord: 20.0ms)


Started GET "/api/v1/projects" for ::1 at 2017-05-05 18:23:08 -0400
Processing by Api::V1::ProjectsController#index as */*
  [1m[36mProject Load (0.8ms)[0m  [1m[34mSELECT "projects".* FROM "projects"[0m
Completed 200 OK in 5ms (Views: 3.8ms | ActiveRecord: 0.8ms)


Started GET "/users/edit" for ::1 at 2017-05-05 18:23:10 -0400
Processing by Devise::RegistrationsController#edit as HTML
  [1m[36mUser Load (41.3ms)[0m  [1m[34mSELECT  "users".* FROM "users" WHERE "users"."id" = $1 ORDER BY "users"."id" ASC LIMIT $2[0m  [["id", 1], ["LIMIT", 1]]
  Rendering devise/registrations/edit.html.erb within layouts/application
  Rendered devise/registrations/edit.html.erb within layouts/application (176.6ms)
  Rendered layouts/_flash.html.erb (1.3ms)
Completed 200 OK in 675ms (Views: 442.4ms | ActiveRecord: 41.3ms)


Started DELETE "/users/sign_out" for ::1 at 2017-05-05 18:23:14 -0400
Processing by Devise::SessionsController#destroy as HTML
  Parameters: {"authenticity_token"=>"K8UzLHd749wDQcspyQHQgfkaJ4OdIOM/w4gDoWHLwaSmVuoWt5g8KKidBccgn6DeojmkTdXy3FxPEHYdiM//aw=="}
  [1m[36mUser Load (1.0ms)[0m  [1m[34mSELECT  "users".* FROM "users" WHERE "users"."id" = $1 ORDER BY "users"."id" ASC LIMIT $2[0m  [["id", 1], ["LIMIT", 1]]
  [1m[35m (0.3ms)[0m  [1m[35mBEGIN[0m
  [1m[35m (0.2ms)[0m  [1m[35mCOMMIT[0m
Redirected to http://localhost:3000/
Completed 302 Found in 66ms (ActiveRecord: 1.5ms)


Started GET "/" for ::1 at 2017-05-05 18:23:15 -0400
Processing by ProjectsController#index as HTML
  Rendering projects/index.html.erb within layouts/application
  Rendered projects/index.html.erb within layouts/application (4.7ms)
  Rendered layouts/_flash.html.erb (0.6ms)
Completed 200 OK in 81ms (Views: 77.0ms | ActiveRecord: 0.0ms)


Started GET "/api/v1/projects" for ::1 at 2017-05-05 18:23:15 -0400
Processing by Api::V1::ProjectsController#index as */*
  [1m[36mProject Load (0.6ms)[0m  [1m[34mSELECT "projects".* FROM "projects"[0m
Completed 200 OK in 10ms (Views: 8.9ms | ActiveRecord: 0.6ms)


Started GET "/users/sign_up" for ::1 at 2017-05-05 18:23:17 -0400
Processing by Devise::RegistrationsController#new as HTML
  Rendering devise/registrations/new.html.erb within layouts/application
  Rendered devise/shared/_links.html.erb (6.4ms)
  Rendered devise/registrations/new.html.erb within layouts/application (21.2ms)
  Rendered layouts/_flash.html.erb (2.6ms)
Completed 200 OK in 70ms (Views: 64.5ms | ActiveRecord: 0.0ms)


Started POST "/users" for ::1 at 2017-05-05 18:23:50 -0400
Processing by Devise::RegistrationsController#create as HTML
  Parameters: {"utf8"=>"✓", "authenticity_token"=>"Hd0J9Qw8Y8SpUpO76Qm1Te8v7MlOkQIXKL4BjtES49uhR6ui0cAmYovXRW/nWUiA6wEAlZIajQqOyArA0VIhCQ==", "user"=>{"first_name"=>"dd", "last_name"=>"lu", "username"=>"dickson@levelup.com", "email"=>"levelup@1234", "password"=>"[FILTERED]", "password_confirmation"=>"[FILTERED]"}, "commit"=>"Sign up"}
  [1m[35m (0.3ms)[0m  [1m[35mBEGIN[0m
  [1m[36mUser Exists (45.6ms)[0m  [1m[34mSELECT  1 AS one FROM "users" WHERE "users"."email" = $1 LIMIT $2[0m  [["email", "levelup@1234"], ["LIMIT", 1]]
  [1m[36mUser Exists (0.6ms)[0m  [1m[34mSELECT  1 AS one FROM "users" WHERE "users"."email" = $1 LIMIT $2[0m  [["email", "levelup@1234"], ["LIMIT", 1]]
  [1m[35m (0.2ms)[0m  [1m[31mROLLBACK[0m
  Rendering devise/registrations/new.html.erb within layouts/application
  Rendered devise/shared/_links.html.erb (108.5ms)
  Rendered devise/registrations/new.html.erb within layouts/application (119.2ms)
  Rendered layouts/_flash.html.erb (1.2ms)
Completed 200 OK in 475ms (Views: 170.2ms | ActiveRecord: 46.8ms)


Started POST "/users" for ::1 at 2017-05-05 18:24:19 -0400
Processing by Devise::RegistrationsController#create as HTML
  Parameters: {"utf8"=>"✓", "authenticity_token"=>"Qg6A/Z5DI0XIlbsbJOP7U1P9mBuQ0Ba9Omq52JbxLbr+lCKqQ79m4+oQbc8qswaeV9N0R0xbmaCcHLKWlrHvaA==", "user"=>{"first_name"=>"dd", "last_name"=>"lu", "username"=>"dickson", "email"=>"dickson@thelevelup.com", "password"=>"[FILTERED]", "password_confirmation"=>"[FILTERED]"}, "commit"=>"Sign up"}
  [1m[35m (0.2ms)[0m  [1m[35mBEGIN[0m
  [1m[36mUser Exists (1.6ms)[0m  [1m[34mSELECT  1 AS one FROM "users" WHERE "users"."email" = $1 LIMIT $2[0m  [["email", "dickson@thelevelup.com"], ["LIMIT", 1]]
  [1m[36mUser Exists (0.7ms)[0m  [1m[34mSELECT  1 AS one FROM "users" WHERE "users"."email" = $1 LIMIT $2[0m  [["email", "dickson@thelevelup.com"], ["LIMIT", 1]]
  [1m[35mSQL (21.4ms)[0m  [1m[32mINSERT INTO "users" ("first_name", "last_name", "username", "email", "encrypted_password") VALUES ($1, $2, $3, $4, $5) RETURNING "id"[0m  [["first_name", "dd"], ["last_name", "lu"], ["username", "dickson"], ["email", "dickson@thelevelup.com"], ["encrypted_password", "$2a$11$hDaDdDNsNMNz4/DXAJOVJ.atMHFSLV1D8cne0nolt.aLAHswoBvsS"]]
  [1m[35m (5.5ms)[0m  [1m[35mCOMMIT[0m
  [1m[35m (0.2ms)[0m  [1m[35mBEGIN[0m
  [1m[35mSQL (6.8ms)[0m  [1m[33mUPDATE "users" SET "sign_in_count" = $1, "current_sign_in_at" = $2, "last_sign_in_at" = $3, "current_sign_in_ip" = $4, "last_sign_in_ip" = $5 WHERE "users"."id" = $6[0m  [["sign_in_count", 1], ["current_sign_in_at", 2017-05-05 22:24:19 UTC], ["last_sign_in_at", 2017-05-05 22:24:19 UTC], ["current_sign_in_ip", "::1/128"], ["last_sign_in_ip", "::1/128"], ["id", 5]]
  [1m[35m (6.4ms)[0m  [1m[35mCOMMIT[0m
Redirected to http://localhost:3000/
Completed 302 Found in 250ms (ActiveRecord: 42.9ms)


Started GET "/" for ::1 at 2017-05-05 18:24:19 -0400
Processing by ProjectsController#index as HTML
  Rendering projects/index.html.erb within layouts/application
  [1m[36mUser Load (7.9ms)[0m  [1m[34mSELECT  "users".* FROM "users" WHERE "users"."id" = $1 ORDER BY "users"."id" ASC LIMIT $2[0m  [["id", 5], ["LIMIT", 1]]
  Rendered projects/index.html.erb within layouts/application (17.6ms)
  Rendered layouts/_flash.html.erb (0.9ms)
Completed 200 OK in 80ms (Views: 70.5ms | ActiveRecord: 7.9ms)


Started GET "/api/v1/projects" for ::1 at 2017-05-05 18:24:20 -0400
Processing by Api::V1::ProjectsController#index as */*
  [1m[36mProject Load (0.5ms)[0m  [1m[34mSELECT "projects".* FROM "projects"[0m
Completed 200 OK in 5ms (Views: 4.3ms | ActiveRecord: 0.5ms)


Started GET "/projects/5" for ::1 at 2017-05-05 19:32:14 -0400
Processing by ProjectsController#show as HTML
  Parameters: {"id"=>"5"}
  [1m[36mProject Load (1.1ms)[0m  [1m[34mSELECT  "projects".* FROM "projects" WHERE "projects"."id" = $1 LIMIT $2[0m  [["id", 5], ["LIMIT", 1]]
  [1m[36mUser Load (1.0ms)[0m  [1m[34mSELECT  "users".* FROM "users" WHERE "users"."id" = $1 ORDER BY "users"."id" ASC LIMIT $2[0m  [["id", 5], ["LIMIT", 1]]
  Rendering projects/show.html.erb within layouts/application
  [1m[36mUser Load (0.5ms)[0m  [1m[34mSELECT  "users".* FROM "users" WHERE "users"."id" = $1 LIMIT $2[0m  [["id", 1], ["LIMIT", 1]]
  [1m[36mUser Load (0.8ms)[0m  [1m[34mSELECT "users".* FROM "users" INNER JOIN "assignments" ON "users"."id" = "assignments"."user_id" WHERE "assignments"."project_id" = $1[0m  [["project_id", 5]]
  [1m[35m (0.6ms)[0m  [1m[34mSELECT COUNT(*) FROM "assignments" WHERE "assignments"."project_id" = $1 AND "assignments"."user_id" = $2[0m  [["project_id", 5], ["user_id", 5]]
  Rendered projects/show.html.erb within layouts/application (27.8ms)
  Rendered layouts/_flash.html.erb (1.1ms)
Completed 200 OK in 167ms (Views: 128.9ms | ActiveRecord: 4.0ms)


Started GET "/" for ::1 at 2017-05-05 19:32:30 -0400
Processing by ProjectsController#index as HTML
  Rendering projects/index.html.erb within layouts/application
  [1m[36mUser Load (7.6ms)[0m  [1m[34mSELECT  "users".* FROM "users" WHERE "users"."id" = $1 ORDER BY "users"."id" ASC LIMIT $2[0m  [["id", 5], ["LIMIT", 1]]
  Rendered projects/index.html.erb within layouts/application (44.7ms)
  Rendered layouts/_flash.html.erb (2.5ms)
Completed 200 OK in 206ms (Views: 192.6ms | ActiveRecord: 7.6ms)


Started GET "/api/v1/projects" for ::1 at 2017-05-05 19:32:31 -0400
Processing by Api::V1::ProjectsController#index as */*
  [1m[36mProject Load (2.3ms)[0m  [1m[34mSELECT "projects".* FROM "projects"[0m
Completed 200 OK in 12ms (Views: 9.0ms | ActiveRecord: 2.3ms)


Started POST "/api/v1/projects" for ::1 at 2017-05-05 19:32:41 -0400
Started GET "/" for ::1 at 2017-05-05 19:32:41 -0400
Processing by ProjectsController#index as HTML
Processing by Api::V1::ProjectsController#create as */*
  Parameters: {"title"=>"niggguhs", "description"=>"nigguhs", "project"=>{"title"=>"niggguhs", "description"=>"nigguhs"}}
  [1m[36mUser Load (4.3ms)[0m  [1m[34mSELECT  "users".* FROM "users" WHERE "users"."id" = $1 ORDER BY "users"."id" ASC LIMIT $2[0m  [["id", 5], ["LIMIT", 1]]
  Rendering projects/index.html.erb within layouts/application
  [1m[35m (12.6ms)[0m  [1m[35mBEGIN[0m
  [1m[36mUser Load (10.8ms)[0m  [1m[34mSELECT  "users".* FROM "users" WHERE "users"."id" = $1 ORDER BY "users"."id" ASC LIMIT $2[0m  [["id", 5], ["LIMIT", 1]]
  Rendered projects/index.html.erb within layouts/application (23.6ms)
  [1m[36mProject Exists (72.8ms)[0m  [1m[34mSELECT  1 AS one FROM "projects" WHERE "projects"."title" = $1 LIMIT $2[0m  [["title", "niggguhs"], ["LIMIT", 1]]
  [1m[36mUser Load (6.9ms)[0m  [1m[34mSELECT  "users".* FROM "users" WHERE "users"."id" = $1 LIMIT $2[0m  [["id", 5], ["LIMIT", 1]]
  Rendered layouts/_flash.html.erb (3.1ms)
Completed 200 OK in 205ms (Views: 183.2ms | ActiveRecord: 10.8ms)


  [1m[35mSQL (88.6ms)[0m  [1m[32mINSERT INTO "projects" ("title", "description", "owner_id", "created_at", "updated_at") VALUES ($1, $2, $3, $4, $5) RETURNING "id"[0m  [["title", "niggguhs"], ["description", "nigguhs"], ["owner_id", 5], ["created_at", 2017-05-05 23:32:41 UTC], ["updated_at", 2017-05-05 23:32:41 UTC]]
  [1m[35m (37.7ms)[0m  [1m[35mCOMMIT[0m
Completed 200 OK in 290ms (Views: 0.5ms | ActiveRecord: 222.9ms)


Started GET "/api/v1/projects" for ::1 at 2017-05-05 19:32:42 -0400
Processing by Api::V1::ProjectsController#index as */*
  [1m[36mProject Load (0.5ms)[0m  [1m[34mSELECT "projects".* FROM "projects"[0m
Completed 200 OK in 10ms (Views: 9.1ms | ActiveRecord: 0.5ms)


Started GET "/projects/6" for ::1 at 2017-05-05 19:32:46 -0400
Processing by ProjectsController#show as HTML
  Parameters: {"id"=>"6"}
  [1m[36mProject Load (1.1ms)[0m  [1m[34mSELECT  "projects".* FROM "projects" WHERE "projects"."id" = $1 LIMIT $2[0m  [["id", 6], ["LIMIT", 1]]
  [1m[36mUser Load (17.5ms)[0m  [1m[34mSELECT  "users".* FROM "users" WHERE "users"."id" = $1 ORDER BY "users"."id" ASC LIMIT $2[0m  [["id", 5], ["LIMIT", 1]]
  Rendering projects/show.html.erb within layouts/application
  [1m[36mUser Load (0.6ms)[0m  [1m[34mSELECT  "users".* FROM "users" WHERE "users"."id" = $1 LIMIT $2[0m  [["id", 5], ["LIMIT", 1]]
  [1m[36mUser Load (13.9ms)[0m  [1m[34mSELECT "users".* FROM "users" INNER JOIN "assignments" ON "users"."id" = "assignments"."user_id" WHERE "assignments"."project_id" = $1[0m  [["project_id", 6]]
  [1m[35m (0.8ms)[0m  [1m[34mSELECT COUNT(*) FROM "assignments" WHERE "assignments"."project_id" = $1 AND "assignments"."user_id" = $2[0m  [["project_id", 6], ["user_id", 5]]
  Rendered projects/show.html.erb within layouts/application (44.0ms)
  Rendered layouts/_flash.html.erb (0.9ms)
Completed 200 OK in 174ms (Views: 109.6ms | ActiveRecord: 33.9ms)


Started DELETE "/projects/6" for ::1 at 2017-05-05 19:32:49 -0400
Processing by ProjectsController#destroy as HTML
  Parameters: {"authenticity_token"=>"9BSC+hbNIMtEcLkClXxxwje4ZcNUs2UJqqZ3b0dPEtNIjiCtyzFlbWb1b9abLIwPM5aJn4g46hQM0HwhRw/QAQ==", "id"=>"6"}
  [1m[36mProject Load (20.1ms)[0m  [1m[34mSELECT  "projects".* FROM "projects" WHERE "projects"."id" = $1 LIMIT $2[0m  [["id", 6], ["LIMIT", 1]]
  [1m[35m (0.9ms)[0m  [1m[35mBEGIN[0m
  [1m[35mSQL (58.8ms)[0m  [1m[31mDELETE FROM "projects" WHERE "projects"."id" = $1[0m  [["id", 6]]
  [1m[35m (6.7ms)[0m  [1m[35mCOMMIT[0m
Redirected to http://localhost:3000/
Completed 302 Found in 221ms (ActiveRecord: 86.6ms)


Started GET "/" for ::1 at 2017-05-05 19:32:50 -0400
Processing by ProjectsController#index as HTML
  Rendering projects/index.html.erb within layouts/application
  [1m[36mUser Load (1.7ms)[0m  [1m[34mSELECT  "users".* FROM "users" WHERE "users"."id" = $1 ORDER BY "users"."id" ASC LIMIT $2[0m  [["id", 5], ["LIMIT", 1]]
  Rendered projects/index.html.erb within layouts/application (13.1ms)
  Rendered layouts/_flash.html.erb (1.2ms)
Completed 200 OK in 95ms (Views: 87.0ms | ActiveRecord: 1.7ms)


Started GET "/api/v1/projects" for ::1 at 2017-05-05 19:32:50 -0400
Processing by Api::V1::ProjectsController#index as */*
  [1m[36mProject Load (1.2ms)[0m  [1m[34mSELECT "projects".* FROM "projects"[0m
Completed 200 OK in 11ms (Views: 8.9ms | ActiveRecord: 1.2ms)


Started GET "/projects/5" for ::1 at 2017-05-05 19:32:55 -0400
Processing by ProjectsController#show as HTML
  Parameters: {"id"=>"5"}
  [1m[36mProject Load (1.1ms)[0m  [1m[34mSELECT  "projects".* FROM "projects" WHERE "projects"."id" = $1 LIMIT $2[0m  [["id", 5], ["LIMIT", 1]]
  [1m[36mUser Load (18.8ms)[0m  [1m[34mSELECT  "users".* FROM "users" WHERE "users"."id" = $1 ORDER BY "users"."id" ASC LIMIT $2[0m  [["id", 5], ["LIMIT", 1]]
  Rendering projects/show.html.erb within layouts/application
  [1m[36mUser Load (6.4ms)[0m  [1m[34mSELECT  "users".* FROM "users" WHERE "users"."id" = $1 LIMIT $2[0m  [["id", 1], ["LIMIT", 1]]
  [1m[36mUser Load (45.1ms)[0m  [1m[34mSELECT "users".* FROM "users" INNER JOIN "assignments" ON "users"."id" = "assignments"."user_id" WHERE "assignments"."project_id" = $1[0m  [["project_id", 5]]
  [1m[35m (27.8ms)[0m  [1m[34mSELECT COUNT(*) FROM "assignments" WHERE "assignments"."project_id" = $1 AND "assignments"."user_id" = $2[0m  [["project_id", 5], ["user_id", 5]]
  Rendered projects/show.html.erb within layouts/application (150.1ms)
  Rendered layouts/_flash.html.erb (1.1ms)
Completed 200 OK in 364ms (Views: 164.6ms | ActiveRecord: 129.7ms)


Started DELETE "/users/sign_out" for ::1 at 2017-05-05 19:33:04 -0400
Processing by Devise::SessionsController#destroy as HTML
  Parameters: {"authenticity_token"=>"PwlcyJpXSR/CId8dC2uiq/ZplJS9TDo9ij+LRpahsUaDk/6fR6sMueCkCckFO19m8kd4yGHHtSAsSYAIluFzlA=="}
  [1m[36mUser Load (1.3ms)[0m  [1m[34mSELECT  "users".* FROM "users" WHERE "users"."id" = $1 ORDER BY "users"."id" ASC LIMIT $2[0m  [["id", 5], ["LIMIT", 1]]
  [1m[35m (0.3ms)[0m  [1m[35mBEGIN[0m
  [1m[35m (0.2ms)[0m  [1m[35mCOMMIT[0m
Redirected to http://localhost:3000/
Completed 302 Found in 41ms (ActiveRecord: 1.8ms)


Started GET "/" for ::1 at 2017-05-05 19:33:04 -0400
Processing by ProjectsController#index as HTML
  Rendering projects/index.html.erb within layouts/application
  Rendered projects/index.html.erb within layouts/application (8.6ms)
  Rendered layouts/_flash.html.erb (0.8ms)
Completed 200 OK in 74ms (Views: 70.8ms | ActiveRecord: 0.0ms)


Started GET "/api/v1/projects" for ::1 at 2017-05-05 19:33:04 -0400
Processing by Api::V1::ProjectsController#index as */*
  [1m[36mProject Load (32.1ms)[0m  [1m[34mSELECT "projects".* FROM "projects"[0m
Completed 200 OK in 47ms (Views: 13.4ms | ActiveRecord: 32.1ms)


Started GET "/users/sign_in" for ::1 at 2017-05-05 19:33:07 -0400
Processing by Devise::SessionsController#new as HTML
  Rendering devise/sessions/new.html.erb within layouts/application
  Rendered devise/shared/_links.html.erb (6.4ms)
  Rendered devise/sessions/new.html.erb within layouts/application (49.7ms)
  Rendered layouts/_flash.html.erb (3.0ms)
Completed 200 OK in 264ms (Views: 218.9ms | ActiveRecord: 0.0ms)


Started GET "/" for ::1 at 2017-05-05 20:17:53 -0400
Processing by ProjectsController#index as HTML
  Rendering projects/index.html.erb within layouts/application
  Rendered projects/index.html.erb within layouts/application (15.4ms)
  Rendered layouts/_flash.html.erb (1.2ms)
Completed 200 OK in 108ms (Views: 98.0ms | ActiveRecord: 0.0ms)


Started GET "/api/v1/projects" for ::1 at 2017-05-05 20:17:54 -0400
Processing by Api::V1::ProjectsController#index as */*
  [1m[36mProject Load (1.1ms)[0m  [1m[34mSELECT "projects".* FROM "projects"[0m
Completed 200 OK in 17ms (Views: 13.9ms | ActiveRecord: 1.1ms)


Started GET "/projects/2" for ::1 at 2017-05-05 20:19:12 -0400
Processing by ProjectsController#show as HTML
  Parameters: {"id"=>"2"}
  [1m[36mProject Load (6.3ms)[0m  [1m[34mSELECT  "projects".* FROM "projects" WHERE "projects"."id" = $1 LIMIT $2[0m  [["id", 2], ["LIMIT", 1]]
  Rendering projects/show.html.erb within layouts/application
  [1m[36mUser Load (6.7ms)[0m  [1m[34mSELECT  "users".* FROM "users" WHERE "users"."id" = $1 LIMIT $2[0m  [["id", 4], ["LIMIT", 1]]
  [1m[36mUser Load (5.4ms)[0m  [1m[34mSELECT "users".* FROM "users" INNER JOIN "assignments" ON "users"."id" = "assignments"."user_id" WHERE "assignments"."project_id" = $1[0m  [["project_id", 2]]
  Rendered projects/show.html.erb within layouts/application (30.6ms)
  Rendered layouts/_flash.html.erb (2.3ms)
Completed 200 OK in 126ms (Views: 85.5ms | ActiveRecord: 18.4ms)


Started GET "/" for ::1 at 2017-05-05 20:54:35 -0400
Processing by ProjectsController#index as HTML
  Rendering projects/index.html.erb within layouts/application
  Rendered projects/index.html.erb within layouts/application (31.7ms)
  Rendered layouts/_flash.html.erb (3.6ms)
Completed 200 OK in 188ms (Views: 169.0ms | ActiveRecord: 0.0ms)


Started GET "/api/v1/projects" for ::1 at 2017-05-05 20:54:36 -0400
Processing by Api::V1::ProjectsController#index as */*
  [1m[36mProject Load (108.3ms)[0m  [1m[34mSELECT "projects".* FROM "projects"[0m
Completed 200 OK in 163ms (Views: 50.9ms | ActiveRecord: 108.3ms)


Started GET "/projects/2" for ::1 at 2017-05-05 20:55:27 -0400
Processing by ProjectsController#show as HTML
  Parameters: {"id"=>"2"}
  [1m[36mProject Load (65.8ms)[0m  [1m[34mSELECT  "projects".* FROM "projects" WHERE "projects"."id" = $1 LIMIT $2[0m  [["id", 2], ["LIMIT", 1]]
  Rendering projects/show.html.erb within layouts/application
  [1m[36mUser Load (18.1ms)[0m  [1m[34mSELECT  "users".* FROM "users" WHERE "users"."id" = $1 LIMIT $2[0m  [["id", 4], ["LIMIT", 1]]
  [1m[36mUser Load (30.7ms)[0m  [1m[34mSELECT "users".* FROM "users" INNER JOIN "assignments" ON "users"."id" = "assignments"."user_id" WHERE "assignments"."project_id" = $1[0m  [["project_id", 2]]
  Rendered projects/show.html.erb within layouts/application (80.8ms)
  Rendered layouts/_flash.html.erb (3.5ms)
Completed 200 OK in 273ms (Views: 132.0ms | ActiveRecord: 114.6ms)


Started GET "/" for ::1 at 2017-05-05 20:56:48 -0400
Processing by ProjectsController#index as HTML
  Rendering projects/index.html.erb within layouts/application
  Rendered projects/index.html.erb within layouts/application (25.9ms)
  Rendered layouts/_flash.html.erb (8.5ms)
Completed 200 OK in 256ms (Views: 248.4ms | ActiveRecord: 0.0ms)


Started GET "/api/v1/projects" for ::1 at 2017-05-05 20:56:49 -0400
Processing by Api::V1::ProjectsController#index as */*
  [1m[36mProject Load (2.0ms)[0m  [1m[34mSELECT "projects".* FROM "projects"[0m
Completed 200 OK in 96ms (Views: 91.5ms | ActiveRecord: 2.0ms)


Started GET "/projects/2" for ::1 at 2017-05-05 20:57:12 -0400
Processing by ProjectsController#show as HTML
  Parameters: {"id"=>"2"}
  [1m[36mProject Load (1.1ms)[0m  [1m[34mSELECT  "projects".* FROM "projects" WHERE "projects"."id" = $1 LIMIT $2[0m  [["id", 2], ["LIMIT", 1]]
  Rendering projects/show.html.erb within layouts/application
  [1m[36mUser Load (0.7ms)[0m  [1m[34mSELECT  "users".* FROM "users" WHERE "users"."id" = $1 LIMIT $2[0m  [["id", 4], ["LIMIT", 1]]
  [1m[36mUser Load (14.0ms)[0m  [1m[34mSELECT "users".* FROM "users" INNER JOIN "assignments" ON "users"."id" = "assignments"."user_id" WHERE "assignments"."project_id" = $1[0m  [["project_id", 2]]
  Rendered projects/show.html.erb within layouts/application (40.3ms)
  Rendered layouts/_flash.html.erb (0.9ms)
Completed 200 OK in 228ms (Views: 186.5ms | ActiveRecord: 15.8ms)


Started GET "/users/sign_in" for ::1 at 2017-05-05 21:02:10 -0400
Processing by Devise::SessionsController#new as HTML
  Rendering devise/sessions/new.html.erb within layouts/application
  Rendered devise/shared/_links.html.erb (16.1ms)
  Rendered devise/sessions/new.html.erb within layouts/application (87.4ms)
  Rendered layouts/_flash.html.erb (0.8ms)
Completed 200 OK in 650ms (Views: 592.3ms | ActiveRecord: 0.0ms)


Started POST "/users/sign_in" for ::1 at 2017-05-05 21:02:22 -0400
Processing by Devise::SessionsController#create as HTML
  Parameters: {"utf8"=>"✓", "authenticity_token"=>"4HKZcDm1PVDIvN1HFnZYS96uJOQD6Mzm1dZDVAxHXNE5Mz0dEl71q8Jbv41tEvnv3z1vpjrYY7n9wFFQuxBQmg==", "user"=>{"email"=>"george53@bu.edu", "password"=>"[FILTERED]"}, "commit"=>"Log In"}
  [1m[36mUser Load (106.7ms)[0m  [1m[34mSELECT  "users".* FROM "users" WHERE "users"."email" = $1 ORDER BY "users"."id" ASC LIMIT $2[0m  [["email", "george53@bu.edu"], ["LIMIT", 1]]
  [1m[35m (29.4ms)[0m  [1m[35mBEGIN[0m
  [1m[35mSQL (72.2ms)[0m  [1m[33mUPDATE "users" SET "current_sign_in_at" = $1, "sign_in_count" = $2 WHERE "users"."id" = $3[0m  [["current_sign_in_at", 2017-05-06 01:02:23 UTC], ["sign_in_count", 2], ["id", 1]]
  [1m[35m (13.9ms)[0m  [1m[35mCOMMIT[0m
Redirected to http://localhost:3000/
Completed 302 Found in 477ms (ActiveRecord: 222.1ms)


Started GET "/" for ::1 at 2017-05-05 21:02:23 -0400
Processing by ProjectsController#index as HTML
  Rendering projects/index.html.erb within layouts/application
  [1m[36mUser Load (1.7ms)[0m  [1m[34mSELECT  "users".* FROM "users" WHERE "users"."id" = $1 ORDER BY "users"."id" ASC LIMIT $2[0m  [["id", 1], ["LIMIT", 1]]
  Rendered projects/index.html.erb within layouts/application (7.2ms)
  Rendered layouts/_flash.html.erb (0.8ms)
Completed 200 OK in 73ms (Views: 67.8ms | ActiveRecord: 1.7ms)


Started GET "/api/v1/projects" for ::1 at 2017-05-05 21:02:23 -0400
Processing by Api::V1::ProjectsController#index as */*
  [1m[36mProject Load (1.0ms)[0m  [1m[34mSELECT "projects".* FROM "projects"[0m
Completed 200 OK in 8ms (Views: 6.5ms | ActiveRecord: 1.0ms)


Started GET "/projects/4" for ::1 at 2017-05-05 21:03:02 -0400
Processing by ProjectsController#show as HTML
  Parameters: {"id"=>"4"}
  [1m[36mProject Load (37.9ms)[0m  [1m[34mSELECT  "projects".* FROM "projects" WHERE "projects"."id" = $1 LIMIT $2[0m  [["id", 4], ["LIMIT", 1]]
  [1m[36mUser Load (29.6ms)[0m  [1m[34mSELECT  "users".* FROM "users" WHERE "users"."id" = $1 ORDER BY "users"."id" ASC LIMIT $2[0m  [["id", 1], ["LIMIT", 1]]
  Rendering projects/show.html.erb within layouts/application
  [1m[36mUser Load (0.5ms)[0m  [1m[34mSELECT  "users".* FROM "users" WHERE "users"."id" = $1 LIMIT $2[0m  [["id", 3], ["LIMIT", 1]]
  [1m[36mUser Load (34.8ms)[0m  [1m[34mSELECT "users".* FROM "users" INNER JOIN "assignments" ON "users"."id" = "assignments"."user_id" WHERE "assignments"."project_id" = $1[0m  [["project_id", 4]]
  [1m[35m (34.1ms)[0m  [1m[34mSELECT COUNT(*) FROM "assignments" WHERE "assignments"."project_id" = $1 AND "assignments"."user_id" = $2[0m  [["project_id", 4], ["user_id", 1]]
  Rendered projects/show.html.erb within layouts/application (110.7ms)
  Rendered layouts/_flash.html.erb (2.0ms)
Completed 200 OK in 318ms (Views: 138.0ms | ActiveRecord: 137.0ms)


Started GET "/" for ::1 at 2017-05-05 21:55:34 -0400
Processing by ProjectsController#index as HTML
  Rendering projects/index.html.erb within layouts/application
  [1m[36mUser Load (51.6ms)[0m  [1m[34mSELECT  "users".* FROM "users" WHERE "users"."id" = $1 ORDER BY "users"."id" ASC LIMIT $2[0m  [["id", 1], ["LIMIT", 1]]
  Rendered projects/index.html.erb within layouts/application (149.7ms)
  Rendered layouts/_flash.html.erb (8.0ms)
Completed 200 OK in 635ms (Views: 546.8ms | ActiveRecord: 51.6ms)


Started GET "/api/v1/projects" for ::1 at 2017-05-05 21:55:35 -0400
Processing by Api::V1::ProjectsController#index as */*
  [1m[36mProject Load (17.3ms)[0m  [1m[34mSELECT "projects".* FROM "projects"[0m
Completed 200 OK in 49ms (Views: 30.6ms | ActiveRecord: 17.3ms)


Started GET "/projects/5" for ::1 at 2017-05-05 21:55:51 -0400
Processing by ProjectsController#show as HTML
  Parameters: {"id"=>"5"}
  [1m[36mProject Load (1.6ms)[0m  [1m[34mSELECT  "projects".* FROM "projects" WHERE "projects"."id" = $1 LIMIT $2[0m  [["id", 5], ["LIMIT", 1]]
  [1m[36mUser Load (0.9ms)[0m  [1m[34mSELECT  "users".* FROM "users" WHERE "users"."id" = $1 ORDER BY "users"."id" ASC LIMIT $2[0m  [["id", 1], ["LIMIT", 1]]
  Rendering projects/show.html.erb within layouts/application
  [1m[36mUser Load (13.5ms)[0m  [1m[34mSELECT  "users".* FROM "users" WHERE "users"."id" = $1 LIMIT $2[0m  [["id", 1], ["LIMIT", 1]]
  [1m[36mUser Load (29.7ms)[0m  [1m[34mSELECT "users".* FROM "users" INNER JOIN "assignments" ON "users"."id" = "assignments"."user_id" WHERE "assignments"."project_id" = $1[0m  [["project_id", 5]]
  [1m[35m (29.2ms)[0m  [1m[34mSELECT COUNT(*) FROM "assignments" WHERE "assignments"."project_id" = $1 AND "assignments"."user_id" = $2[0m  [["project_id", 5], ["user_id", 1]]
  Rendered projects/show.html.erb within layouts/application (138.3ms)
  Rendered layouts/_flash.html.erb (0.8ms)
Completed 200 OK in 404ms (Views: 260.6ms | ActiveRecord: 74.9ms)


Started DELETE "/projects/5" for ::1 at 2017-05-05 21:55:54 -0400
Processing by ProjectsController#destroy as HTML
  Parameters: {"authenticity_token"=>"/qxnaTS6ZmuK1X+O3rUtERStqPl4zAogY8F8W+4Xyf84kyuQK6RXgVIr3kT/riNW58Mxi8wNbUiDXYuDpYw9Nw==", "id"=>"5"}
  [1m[36mProject Load (1.9ms)[0m  [1m[34mSELECT  "projects".* FROM "projects" WHERE "projects"."id" = $1 LIMIT $2[0m  [["id", 5], ["LIMIT", 1]]
  [1m[35m (23.5ms)[0m  [1m[35mBEGIN[0m
  [1m[35mSQL (185.4ms)[0m  [1m[31mDELETE FROM "projects" WHERE "projects"."id" = $1[0m  [["id", 5]]
  [1m[35m (13.0ms)[0m  [1m[35mCOMMIT[0m
Redirected to http://localhost:3000/
Completed 302 Found in 326ms (ActiveRecord: 223.8ms)


Started GET "/" for ::1 at 2017-05-05 21:55:54 -0400
Processing by ProjectsController#index as HTML
  Rendering projects/index.html.erb within layouts/application
  [1m[36mUser Load (144.9ms)[0m  [1m[34mSELECT  "users".* FROM "users" WHERE "users"."id" = $1 ORDER BY "users"."id" ASC LIMIT $2[0m  [["id", 1], ["LIMIT", 1]]
  Rendered projects/index.html.erb within layouts/application (194.1ms)
  Rendered layouts/_flash.html.erb (2.4ms)
Completed 200 OK in 404ms (Views: 247.6ms | ActiveRecord: 144.9ms)


Started GET "/api/v1/projects" for ::1 at 2017-05-05 21:55:55 -0400
Processing by Api::V1::ProjectsController#index as */*
  [1m[36mProject Load (53.1ms)[0m  [1m[34mSELECT "projects".* FROM "projects"[0m
Completed 200 OK in 112ms (Views: 58.0ms | ActiveRecord: 53.1ms)


Started GET "/projects/5" for ::1 at 2017-05-05 21:55:56 -0400
Processing by ProjectsController#show as HTML
  Parameters: {"id"=>"5"}
  [1m[36mProject Load (37.2ms)[0m  [1m[34mSELECT  "projects".* FROM "projects" WHERE "projects"."id" = $1 LIMIT $2[0m  [["id", 5], ["LIMIT", 1]]
Completed 404 Not Found in 180ms (ActiveRecord: 37.2ms)


  
ActiveRecord::RecordNotFound (Couldn't find Project with 'id'=5):
  
app/controllers/projects_controller.rb:6:in `show'
  Rendering /Users/georgeli/.rvm/gems/ruby-2.3.3@global/gems/actionpack-5.0.2/lib/action_dispatch/middleware/templates/rescues/diagnostics.html.erb within rescues/layout
  Rendering /Users/georgeli/.rvm/gems/ruby-2.3.3@global/gems/actionpack-5.0.2/lib/action_dispatch/middleware/templates/rescues/_source.html.erb
  Rendered /Users/georgeli/.rvm/gems/ruby-2.3.3@global/gems/actionpack-5.0.2/lib/action_dispatch/middleware/templates/rescues/_source.html.erb (13.1ms)
  Rendering /Users/georgeli/.rvm/gems/ruby-2.3.3@global/gems/actionpack-5.0.2/lib/action_dispatch/middleware/templates/rescues/_trace.html.erb
  Rendered /Users/georgeli/.rvm/gems/ruby-2.3.3@global/gems/actionpack-5.0.2/lib/action_dispatch/middleware/templates/rescues/_trace.html.erb (82.1ms)
  Rendering /Users/georgeli/.rvm/gems/ruby-2.3.3@global/gems/actionpack-5.0.2/lib/action_dispatch/middleware/templates/rescues/_request_and_response.html.erb
  Rendered /Users/georgeli/.rvm/gems/ruby-2.3.3@global/gems/actionpack-5.0.2/lib/action_dispatch/middleware/templates/rescues/_request_and_response.html.erb (132.0ms)
  Rendered /Users/georgeli/.rvm/gems/ruby-2.3.3@global/gems/actionpack-5.0.2/lib/action_dispatch/middleware/templates/rescues/diagnostics.html.erb within rescues/layout (406.8ms)
Started GET "/" for ::1 at 2017-05-05 21:55:59 -0400
Processing by ProjectsController#index as HTML
  Rendering projects/index.html.erb within layouts/application
  [1m[36mUser Load (9.0ms)[0m  [1m[34mSELECT  "users".* FROM "users" WHERE "users"."id" = $1 ORDER BY "users"."id" ASC LIMIT $2[0m  [["id", 1], ["LIMIT", 1]]
  Rendered projects/index.html.erb within layouts/application (26.6ms)
  Rendered layouts/_flash.html.erb (2.3ms)
Completed 200 OK in 104ms (Views: 90.3ms | ActiveRecord: 9.0ms)


Started GET "/api/v1/projects" for ::1 at 2017-05-05 21:55:59 -0400
Processing by Api::V1::ProjectsController#index as */*
  [1m[36mProject Load (6.4ms)[0m  [1m[34mSELECT "projects".* FROM "projects"[0m
Completed 200 OK in 14ms (Views: 6.5ms | ActiveRecord: 6.4ms)


Started GET "/" for ::1 at 2017-05-06 00:49:49 -0400
  [1m[36mActiveRecord::SchemaMigration Load (27.5ms)[0m  [1m[34mSELECT "schema_migrations".* FROM "schema_migrations"[0m
DEPRECATION WARNING: before_filter is deprecated and will be removed in Rails 5.1. Use before_action instead. (called from <class:ApplicationController> at /Users/georgeli/challenges/week 9/synapse/app/controllers/application_controller.rb:4)
Processing by ProjectsController#index as HTML
  Rendering projects/index.html.erb within layouts/application
  [1m[36mUser Load (3.6ms)[0m  [1m[34mSELECT  "users".* FROM "users" WHERE "users"."id" = $1 ORDER BY "users"."id" ASC LIMIT $2[0m  [["id", 1], ["LIMIT", 1]]
  Rendered projects/index.html.erb within layouts/application (90.7ms)
  Rendered layouts/_flash.html.erb (0.7ms)
Completed 200 OK in 753ms (Views: 694.5ms | ActiveRecord: 51.6ms)


Started GET "/api/v1/projects" for ::1 at 2017-05-06 00:49:51 -0400
DEPRECATION WARNING: skip_before_filter is deprecated and will be removed in Rails 5.1. Use skip_before_action instead. (called from <class:ProjectsController> at /Users/georgeli/challenges/week 9/synapse/app/controllers/api/v1/projects_controller.rb:2)
Processing by Api::V1::ProjectsController#index as */*
  [1m[36mProject Load (130.6ms)[0m  [1m[34mSELECT "projects".* FROM "projects"[0m
Completed 200 OK in 303ms (Views: 58.4ms | ActiveRecord: 211.5ms)


Started GET "/" for ::1 at 2017-05-06 00:50:54 -0400
Processing by ProjectsController#index as HTML
  Rendering projects/index.html.erb within layouts/application
  [1m[36mUser Load (3.7ms)[0m  [1m[34mSELECT  "users".* FROM "users" WHERE "users"."id" = $1 ORDER BY "users"."id" ASC LIMIT $2[0m  [["id", 1], ["LIMIT", 1]]
  Rendered projects/index.html.erb within layouts/application (43.2ms)
  Rendered layouts/_flash.html.erb (0.8ms)
Completed 200 OK in 195ms (Views: 178.5ms | ActiveRecord: 3.7ms)


Started GET "/api/v1/projects" for ::1 at 2017-05-06 00:50:55 -0400
Processing by Api::V1::ProjectsController#index as */*
  [1m[36mProject Load (2.5ms)[0m  [1m[34mSELECT "projects".* FROM "projects"[0m
Completed 200 OK in 11ms (Views: 7.9ms | ActiveRecord: 2.5ms)


Started GET "/" for ::1 at 2017-05-06 00:52:35 -0400
Processing by ProjectsController#index as HTML
  Rendering projects/index.html.erb within layouts/application
  [1m[36mUser Load (1.4ms)[0m  [1m[34mSELECT  "users".* FROM "users" WHERE "users"."id" = $1 ORDER BY "users"."id" ASC LIMIT $2[0m  [["id", 1], ["LIMIT", 1]]
  Rendered projects/index.html.erb within layouts/application (42.6ms)
  Rendered layouts/_flash.html.erb (0.9ms)
Completed 200 OK in 504ms (Views: 495.2ms | ActiveRecord: 1.4ms)


Started GET "/api/v1/projects" for ::1 at 2017-05-06 00:52:36 -0400
Processing by Api::V1::ProjectsController#index as */*
  [1m[36mProject Load (2.8ms)[0m  [1m[34mSELECT "projects".* FROM "projects"[0m
Completed 200 OK in 8ms (Views: 4.4ms | ActiveRecord: 2.8ms)


Started GET "/" for ::1 at 2017-05-06 00:59:02 -0400
  [1m[36mActiveRecord::SchemaMigration Load (13.1ms)[0m  [1m[34mSELECT "schema_migrations".* FROM "schema_migrations"[0m
DEPRECATION WARNING: before_filter is deprecated and will be removed in Rails 5.1. Use before_action instead. (called from <class:ApplicationController> at /Users/georgeli/challenges/week 9/synapse/app/controllers/application_controller.rb:4)
Processing by ProjectsController#index as HTML
  Rendering projects/index.html.erb within layouts/application
  [1m[36mUser Load (2.1ms)[0m  [1m[34mSELECT  "users".* FROM "users" WHERE "users"."id" = $1 ORDER BY "users"."id" ASC LIMIT $2[0m  [["id", 1], ["LIMIT", 1]]
  Rendered projects/index.html.erb within layouts/application (71.7ms)
  Rendered layouts/_flash.html.erb (0.6ms)
Completed 200 OK in 1011ms (Views: 957.9ms | ActiveRecord: 46.9ms)


Started GET "/api/v1/projects" for ::1 at 2017-05-06 00:59:03 -0400
DEPRECATION WARNING: skip_before_filter is deprecated and will be removed in Rails 5.1. Use skip_before_action instead. (called from <class:ProjectsController> at /Users/georgeli/challenges/week 9/synapse/app/controllers/api/v1/projects_controller.rb:2)
Processing by Api::V1::ProjectsController#index as */*
  [1m[36mProject Load (32.2ms)[0m  [1m[34mSELECT "projects".* FROM "projects"[0m
Completed 200 OK in 361ms (Views: 164.1ms | ActiveRecord: 131.5ms)


Started GET "/" for ::1 at 2017-05-06 01:06:20 -0400
  [1m[36mActiveRecord::SchemaMigration Load (23.3ms)[0m  [1m[34mSELECT "schema_migrations".* FROM "schema_migrations"[0m
DEPRECATION WARNING: before_filter is deprecated and will be removed in Rails 5.1. Use before_action instead. (called from <class:ApplicationController> at /Users/georgeli/challenges/week 9/synapse/app/controllers/application_controller.rb:4)
Processing by ProjectsController#index as HTML
  Rendering projects/index.html.erb within layouts/application
  [1m[36mUser Load (2.7ms)[0m  [1m[34mSELECT  "users".* FROM "users" WHERE "users"."id" = $1 ORDER BY "users"."id" ASC LIMIT $2[0m  [["id", 1], ["LIMIT", 1]]
  Rendered projects/index.html.erb within layouts/application (77.6ms)
  Rendered layouts/_flash.html.erb (0.7ms)
Completed 200 OK in 608ms (Views: 560.3ms | ActiveRecord: 37.0ms)


Started GET "/api/v1/projects" for ::1 at 2017-05-06 01:06:22 -0400
DEPRECATION WARNING: skip_before_filter is deprecated and will be removed in Rails 5.1. Use skip_before_action instead. (called from <class:ProjectsController> at /Users/georgeli/challenges/week 9/synapse/app/controllers/api/v1/projects_controller.rb:2)
Processing by Api::V1::ProjectsController#index as */*
  [1m[36mProject Load (1.2ms)[0m  [1m[34mSELECT "projects".* FROM "projects"[0m
Completed 200 OK in 56ms (Views: 32.9ms | ActiveRecord: 6.3ms)


Started GET "/" for ::1 at 2017-05-06 01:11:41 -0400
  [1m[36mActiveRecord::SchemaMigration Load (25.3ms)[0m  [1m[34mSELECT "schema_migrations".* FROM "schema_migrations"[0m
DEPRECATION WARNING: before_filter is deprecated and will be removed in Rails 5.1. Use before_action instead. (called from <class:ApplicationController> at /Users/georgeli/challenges/week 9/synapse/app/controllers/application_controller.rb:4)
Processing by ProjectsController#index as HTML
  Rendering projects/index.html.erb within layouts/application
  [1m[36mUser Load (4.3ms)[0m  [1m[34mSELECT  "users".* FROM "users" WHERE "users"."id" = $1 ORDER BY "users"."id" ASC LIMIT $2[0m  [["id", 1], ["LIMIT", 1]]
  Rendered projects/index.html.erb within layouts/application (74.2ms)
  Rendered layouts/_flash.html.erb (0.8ms)
Completed 200 OK in 403ms (Views: 347.5ms | ActiveRecord: 50.3ms)


Started GET "/api/v1/projects" for ::1 at 2017-05-06 01:11:42 -0400
DEPRECATION WARNING: skip_before_filter is deprecated and will be removed in Rails 5.1. Use skip_before_action instead. (called from <class:ProjectsController> at /Users/georgeli/challenges/week 9/synapse/app/controllers/api/v1/projects_controller.rb:2)
Processing by Api::V1::ProjectsController#index as */*
  [1m[36mProject Load (18.9ms)[0m  [1m[34mSELECT "projects".* FROM "projects"[0m
Completed 200 OK in 81ms (Views: 36.8ms | ActiveRecord: 30.2ms)


Started GET "/projects/1" for ::1 at 2017-05-06 01:12:06 -0400
Processing by ProjectsController#show as HTML
  Parameters: {"id"=>"1"}
  [1m[36mProject Load (6.6ms)[0m  [1m[34mSELECT  "projects".* FROM "projects" WHERE "projects"."id" = $1 LIMIT $2[0m  [["id", 1], ["LIMIT", 1]]
  [1m[36mUser Load (1.5ms)[0m  [1m[34mSELECT  "users".* FROM "users" WHERE "users"."id" = $1 ORDER BY "users"."id" ASC LIMIT $2[0m  [["id", 1], ["LIMIT", 1]]
  Rendering projects/show.html.erb within layouts/application
  [1m[36mUser Load (0.4ms)[0m  [1m[34mSELECT  "users".* FROM "users" WHERE "users"."id" = $1 LIMIT $2[0m  [["id", 1], ["LIMIT", 1]]
  [1m[36mUser Load (19.7ms)[0m  [1m[34mSELECT "users".* FROM "users" INNER JOIN "assignments" ON "users"."id" = "assignments"."user_id" WHERE "assignments"."project_id" = $1[0m  [["project_id", 1]]
  [1m[35m (1.4ms)[0m  [1m[34mSELECT COUNT(*) FROM "assignments" WHERE "assignments"."project_id" = $1 AND "assignments"."user_id" = $2[0m  [["project_id", 1], ["user_id", 1]]
  Rendered projects/show.html.erb within layouts/application (101.5ms)
  Rendered layouts/_flash.html.erb (0.6ms)
Completed 200 OK in 220ms (Views: 150.8ms | ActiveRecord: 39.7ms)


Started GET "/" for ::1 at 2017-05-06 01:16:51 -0400
Processing by ProjectsController#index as HTML
  Rendering projects/index.html.erb within layouts/application
  [1m[36mUser Load (2.9ms)[0m  [1m[34mSELECT  "users".* FROM "users" WHERE "users"."id" = $1 ORDER BY "users"."id" ASC LIMIT $2[0m  [["id", 1], ["LIMIT", 1]]
  Rendered projects/index.html.erb within layouts/application (27.7ms)
  Rendered layouts/_flash.html.erb (0.9ms)
Completed 200 OK in 181ms (Views: 154.2ms | ActiveRecord: 2.9ms)


Started GET "/api/v1/projects" for ::1 at 2017-05-06 01:16:51 -0400
Processing by Api::V1::ProjectsController#index as */*
  [1m[36mProject Load (0.7ms)[0m  [1m[34mSELECT "projects".* FROM "projects"[0m
Completed 200 OK in 4ms (Views: 3.4ms | ActiveRecord: 0.7ms)


Started GET "/" for ::1 at 2017-05-06 01:17:39 -0400
Processing by ProjectsController#index as HTML
  Rendering projects/index.html.erb within layouts/application
  [1m[36mUser Load (1.2ms)[0m  [1m[34mSELECT  "users".* FROM "users" WHERE "users"."id" = $1 ORDER BY "users"."id" ASC LIMIT $2[0m  [["id", 1], ["LIMIT", 1]]
  Rendered projects/index.html.erb within layouts/application (8.9ms)
  Rendered layouts/_flash.html.erb (1.2ms)
Completed 200 OK in 95ms (Views: 91.4ms | ActiveRecord: 1.2ms)


Started GET "/api/v1/projects" for ::1 at 2017-05-06 01:17:40 -0400
Processing by Api::V1::ProjectsController#index as */*
  [1m[36mProject Load (3.3ms)[0m  [1m[34mSELECT "projects".* FROM "projects"[0m
Completed 200 OK in 9ms (Views: 5.7ms | ActiveRecord: 3.3ms)


Started GET "/" for ::1 at 2017-05-06 01:20:45 -0400
Processing by ProjectsController#index as HTML
  Rendering projects/index.html.erb within layouts/application
  [1m[36mUser Load (0.9ms)[0m  [1m[34mSELECT  "users".* FROM "users" WHERE "users"."id" = $1 ORDER BY "users"."id" ASC LIMIT $2[0m  [["id", 1], ["LIMIT", 1]]
  Rendered projects/index.html.erb within layouts/application (24.6ms)
  Rendered layouts/_flash.html.erb (0.7ms)
Completed 200 OK in 99ms (Views: 92.4ms | ActiveRecord: 0.9ms)


Started GET "/api/v1/projects" for ::1 at 2017-05-06 01:20:45 -0400
Processing by Api::V1::ProjectsController#index as */*
  [1m[36mProject Load (12.0ms)[0m  [1m[34mSELECT "projects".* FROM "projects"[0m
Completed 200 OK in 26ms (Views: 8.1ms | ActiveRecord: 12.0ms)


Started GET "/" for ::1 at 2017-05-06 01:29:41 -0400
Processing by ProjectsController#index as HTML
  Rendering projects/index.html.erb within layouts/application
  [1m[36mUser Load (1.2ms)[0m  [1m[34mSELECT  "users".* FROM "users" WHERE "users"."id" = $1 ORDER BY "users"."id" ASC LIMIT $2[0m  [["id", 1], ["LIMIT", 1]]
  Rendered projects/index.html.erb within layouts/application (19.5ms)
  Rendered layouts/_flash.html.erb (1.0ms)
Completed 200 OK in 100ms (Views: 92.8ms | ActiveRecord: 1.2ms)


Started GET "/api/v1/projects" for ::1 at 2017-05-06 01:29:42 -0400
Processing by Api::V1::ProjectsController#index as */*
  [1m[36mProject Load (2.4ms)[0m  [1m[34mSELECT "projects".* FROM "projects"[0m
Completed 200 OK in 8ms (Views: 5.4ms | ActiveRecord: 2.4ms)


Started GET "/" for ::1 at 2017-05-06 01:37:02 -0400
Processing by ProjectsController#index as HTML
  Rendering projects/index.html.erb within layouts/application
  [1m[36mUser Load (1.4ms)[0m  [1m[34mSELECT  "users".* FROM "users" WHERE "users"."id" = $1 ORDER BY "users"."id" ASC LIMIT $2[0m  [["id", 1], ["LIMIT", 1]]
  Rendered projects/index.html.erb within layouts/application (19.9ms)
  Rendered layouts/_flash.html.erb (0.9ms)
Completed 200 OK in 82ms (Views: 75.6ms | ActiveRecord: 1.4ms)


Started GET "/api/v1/projects" for ::1 at 2017-05-06 01:37:03 -0400
Processing by Api::V1::ProjectsController#index as */*
  [1m[36mProject Load (5.4ms)[0m  [1m[34mSELECT "projects".* FROM "projects"[0m
Completed 200 OK in 12ms (Views: 6.0ms | ActiveRecord: 5.4ms)


Started DELETE "/users/sign_out" for ::1 at 2017-05-06 01:37:42 -0400
Processing by Devise::SessionsController#destroy as HTML
  Parameters: {"authenticity_token"=>"UIHKbt44StBMaw53cNbGtYehKYiy9OPLxyEUoMu1dsCWvoaXwSZ7OpSVr71RzcjydM+w+gY1hKMnveN4gC6CCA=="}
  [1m[36mUser Load (0.8ms)[0m  [1m[34mSELECT  "users".* FROM "users" WHERE "users"."id" = $1 ORDER BY "users"."id" ASC LIMIT $2[0m  [["id", 1], ["LIMIT", 1]]
  [1m[35m (13.0ms)[0m  [1m[35mBEGIN[0m
  [1m[35m (0.3ms)[0m  [1m[35mCOMMIT[0m
Redirected to http://localhost:3000/
Completed 302 Found in 42ms (ActiveRecord: 14.0ms)


Started GET "/" for ::1 at 2017-05-06 01:37:42 -0400
Processing by ProjectsController#index as HTML
  Rendering projects/index.html.erb within layouts/application
  Rendered projects/index.html.erb within layouts/application (5.1ms)
  Rendered layouts/_flash.html.erb (0.5ms)
Completed 200 OK in 35ms (Views: 33.4ms | ActiveRecord: 0.0ms)


Started GET "/api/v1/projects" for ::1 at 2017-05-06 01:37:43 -0400
Processing by Api::V1::ProjectsController#index as */*
  [1m[36mProject Load (0.6ms)[0m  [1m[34mSELECT "projects".* FROM "projects"[0m
Completed 200 OK in 3ms (Views: 1.9ms | ActiveRecord: 0.6ms)


Started GET "/users/sign_in" for ::1 at 2017-05-06 01:39:11 -0400
Processing by Devise::SessionsController#new as HTML
  Rendering devise/sessions/new.html.erb within layouts/application
  Rendered devise/shared/_links.html.erb (3.4ms)
  Rendered devise/sessions/new.html.erb within layouts/application (92.3ms)
  Rendered layouts/_flash.html.erb (1.3ms)
Completed 200 OK in 171ms (Views: 155.0ms | ActiveRecord: 0.0ms)


Started POST "/users/sign_in" for ::1 at 2017-05-06 01:39:18 -0400
Processing by Devise::SessionsController#create as HTML
  Parameters: {"utf8"=>"✓", "authenticity_token"=>"B2Hx7NGE4bFmNes1EPGkbS6oR/7VCztd0SlcfQPvpFV3mVoe15weL5fgsB/nLYP8YW0/yH280t31bKUyBAfelA==", "user"=>{"email"=>"george53@bu.edu", "password"=>"[FILTERED]"}, "commit"=>"Log In"}
  [1m[36mUser Load (22.8ms)[0m  [1m[34mSELECT  "users".* FROM "users" WHERE "users"."email" = $1 ORDER BY "users"."id" ASC LIMIT $2[0m  [["email", "george53@bu.edu"], ["LIMIT", 1]]
  [1m[35m (0.3ms)[0m  [1m[35mBEGIN[0m
  [1m[35mSQL (19.6ms)[0m  [1m[33mUPDATE "users" SET "current_sign_in_at" = $1, "last_sign_in_at" = $2, "sign_in_count" = $3 WHERE "users"."id" = $4[0m  [["current_sign_in_at", 2017-05-06 05:39:18 UTC], ["last_sign_in_at", 2017-05-06 01:02:23 UTC], ["sign_in_count", 3], ["id", 1]]
  [1m[35m (1.5ms)[0m  [1m[35mCOMMIT[0m
Redirected to http://localhost:3000/
Completed 302 Found in 283ms (ActiveRecord: 44.1ms)


Started GET "/" for ::1 at 2017-05-06 01:39:19 -0400
Processing by ProjectsController#index as HTML
  Rendering projects/index.html.erb within layouts/application
  [1m[36mUser Load (2.7ms)[0m  [1m[34mSELECT  "users".* FROM "users" WHERE "users"."id" = $1 ORDER BY "users"."id" ASC LIMIT $2[0m  [["id", 1], ["LIMIT", 1]]
  Rendered projects/index.html.erb within layouts/application (6.5ms)
  Rendered layouts/_flash.html.erb (0.5ms)
Completed 200 OK in 37ms (Views: 32.2ms | ActiveRecord: 2.7ms)


Started GET "/api/v1/projects" for ::1 at 2017-05-06 01:39:19 -0400
Processing by Api::V1::ProjectsController#index as */*
  [1m[36mProject Load (5.9ms)[0m  [1m[34mSELECT "projects".* FROM "projects"[0m
Completed 200 OK in 9ms (Views: 2.4ms | ActiveRecord: 5.9ms)


Started GET "/" for ::1 at 2017-05-06 01:41:49 -0400
Processing by ProjectsController#index as HTML
  Rendering projects/index.html.erb within layouts/application
  [1m[36mUser Load (1.3ms)[0m  [1m[34mSELECT  "users".* FROM "users" WHERE "users"."id" = $1 ORDER BY "users"."id" ASC LIMIT $2[0m  [["id", 1], ["LIMIT", 1]]
  Rendered projects/index.html.erb within layouts/application (5.2ms)
  Rendered layouts/_flash.html.erb (1.7ms)
Completed 200 OK in 74ms (Views: 70.4ms | ActiveRecord: 1.3ms)


Started GET "/api/v1/projects" for ::1 at 2017-05-06 01:41:50 -0400
Processing by Api::V1::ProjectsController#index as */*
  [1m[36mProject Load (0.7ms)[0m  [1m[34mSELECT "projects".* FROM "projects"[0m
Completed 200 OK in 4ms (Views: 3.2ms | ActiveRecord: 0.7ms)


Started GET "/" for ::1 at 2017-05-06 01:42:14 -0400
Processing by ProjectsController#index as HTML
  Rendering projects/index.html.erb within layouts/application
  [1m[36mUser Load (1.2ms)[0m  [1m[34mSELECT  "users".* FROM "users" WHERE "users"."id" = $1 ORDER BY "users"."id" ASC LIMIT $2[0m  [["id", 1], ["LIMIT", 1]]
  Rendered projects/index.html.erb within layouts/application (21.9ms)
  Rendered layouts/_flash.html.erb (2.2ms)
Completed 200 OK in 136ms (Views: 126.4ms | ActiveRecord: 1.2ms)


Started GET "/api/v1/projects" for ::1 at 2017-05-06 01:42:15 -0400
Processing by Api::V1::ProjectsController#index as */*
  [1m[36mProject Load (0.6ms)[0m  [1m[34mSELECT "projects".* FROM "projects"[0m
Completed 200 OK in 5ms (Views: 4.0ms | ActiveRecord: 0.6ms)


Started GET "/" for ::1 at 2017-05-06 01:47:56 -0400
  [1m[36mActiveRecord::SchemaMigration Load (0.6ms)[0m  [1m[34mSELECT "schema_migrations".* FROM "schema_migrations"[0m
DEPRECATION WARNING: before_filter is deprecated and will be removed in Rails 5.1. Use before_action instead. (called from <class:ApplicationController> at /Users/georgeli/challenges/week 9/synapse/app/controllers/application_controller.rb:4)
Processing by ProjectsController#index as HTML
  Rendering projects/index.html.erb within layouts/application
  Rendered projects/index.html.erb within layouts/application (16.2ms)
  Rendered layouts/_flash.html.erb (0.6ms)
Completed 200 OK in 354ms (Views: 348.5ms | ActiveRecord: 0.0ms)


Started GET "/api/v1/projects" for ::1 at 2017-05-06 01:47:57 -0400
DEPRECATION WARNING: skip_before_filter is deprecated and will be removed in Rails 5.1. Use skip_before_action instead. (called from <class:ProjectsController> at /Users/georgeli/challenges/week 9/synapse/app/controllers/api/v1/projects_controller.rb:2)
Processing by Api::V1::ProjectsController#index as */*
  [1m[36mProject Load (70.1ms)[0m  [1m[34mSELECT "projects".* FROM "projects"[0m
Completed 200 OK in 316ms (Views: 92.4ms | ActiveRecord: 206.4ms)


Started GET "/" for ::1 at 2017-05-06 01:51:27 -0400
Processing by ProjectsController#index as HTML
  Rendering projects/index.html.erb within layouts/application
  Rendered projects/index.html.erb within layouts/application (9.5ms)
  Rendered layouts/_flash.html.erb (0.9ms)
Completed 200 OK in 101ms (Views: 96.6ms | ActiveRecord: 0.0ms)


Started GET "/api/v1/projects" for ::1 at 2017-05-06 01:51:28 -0400
Processing by Api::V1::ProjectsController#index as */*
  [1m[36mProject Load (2.1ms)[0m  [1m[34mSELECT "projects".* FROM "projects"[0m
Completed 200 OK in 9ms (Views: 6.0ms | ActiveRecord: 2.1ms)


Started GET "/" for ::1 at 2017-05-06 01:52:18 -0400
Processing by ProjectsController#index as HTML
  Rendering projects/index.html.erb within layouts/application
  Rendered projects/index.html.erb within layouts/application (3.8ms)
  Rendered layouts/_flash.html.erb (1.3ms)
Completed 200 OK in 82ms (Views: 80.5ms | ActiveRecord: 0.0ms)


Started GET "/api/v1/projects" for ::1 at 2017-05-06 01:52:19 -0400
Processing by Api::V1::ProjectsController#index as */*
  [1m[36mProject Load (1.5ms)[0m  [1m[34mSELECT "projects".* FROM "projects"[0m
Completed 200 OK in 5ms (Views: 2.5ms | ActiveRecord: 1.5ms)


Started GET "/" for ::1 at 2017-05-06 01:52:47 -0400
Processing by ProjectsController#index as HTML
  Rendering projects/index.html.erb within layouts/application
  Rendered projects/index.html.erb within layouts/application (10.1ms)
  Rendered layouts/_flash.html.erb (0.8ms)
Completed 200 OK in 112ms (Views: 107.5ms | ActiveRecord: 0.0ms)


Started GET "/api/v1/projects" for ::1 at 2017-05-06 01:52:47 -0400
Processing by Api::V1::ProjectsController#index as */*
  [1m[36mProject Load (1.7ms)[0m  [1m[34mSELECT "projects".* FROM "projects"[0m
Completed 200 OK in 14ms (Views: 11.7ms | ActiveRecord: 1.7ms)


Started GET "/" for ::1 at 2017-05-06 01:56:34 -0400
  [1m[36mActiveRecord::SchemaMigration Load (0.7ms)[0m  [1m[34mSELECT "schema_migrations".* FROM "schema_migrations"[0m
DEPRECATION WARNING: before_filter is deprecated and will be removed in Rails 5.1. Use before_action instead. (called from <class:ApplicationController> at /Users/georgeli/challenges/week 9/synapse/app/controllers/application_controller.rb:4)
Processing by ProjectsController#index as HTML
  Rendering projects/index.html.erb within layouts/application
  Rendered projects/index.html.erb within layouts/application (16.8ms)
  Rendered layouts/_flash.html.erb (0.8ms)
Completed 200 OK in 378ms (Views: 372.5ms | ActiveRecord: 0.0ms)


Started GET "/api/v1/projects" for ::1 at 2017-05-06 01:56:35 -0400
DEPRECATION WARNING: skip_before_filter is deprecated and will be removed in Rails 5.1. Use skip_before_action instead. (called from <class:ProjectsController> at /Users/georgeli/challenges/week 9/synapse/app/controllers/api/v1/projects_controller.rb:2)
Processing by Api::V1::ProjectsController#index as */*
  [1m[36mProject Load (42.5ms)[0m  [1m[34mSELECT "projects".* FROM "projects"[0m
Completed 200 OK in 129ms (Views: 12.7ms | ActiveRecord: 101.7ms)


Started GET "/" for ::1 at 2017-05-06 01:58:00 -0400
Processing by ProjectsController#index as HTML
  Rendering projects/index.html.erb within layouts/application
  Rendered projects/index.html.erb within layouts/application (1.6ms)
  Rendered layouts/_flash.html.erb (1.0ms)
Completed 200 OK in 86ms (Views: 84.0ms | ActiveRecord: 0.0ms)


Started GET "/api/v1/projects" for ::1 at 2017-05-06 01:58:01 -0400
Processing by Api::V1::ProjectsController#index as */*
  [1m[36mProject Load (8.8ms)[0m  [1m[34mSELECT "projects".* FROM "projects"[0m
Completed 200 OK in 16ms (Views: 6.5ms | ActiveRecord: 8.8ms)


